[2025-07-04 09:33:05,886] [log.py] [line:31] [INFO] # ======Start printing logs======
[2025-07-04 09:33:15,274] [database.py] [line:80] [INFO] # 退款订单id列表：['20250623141919528554', '20250702135506366979', '20250702150425074826', '20250702160128292302', '20250703145834914885', '20250703151205695127', '20250703151724989517', '20250703152441792633', '20250703153030428877', '20250703170811577799', '20250703174033649203']
[2025-07-04 09:33:15,275] [database.py] [line:85] [INFO] # 
退款订单号：20250623141919528554
[2025-07-04 09:33:15,293] [database.py] [line:97] [INFO] # 退款订单unionid：o1ELc6LrAZOqCjYiOZur5A-sVzYc，kill_order：
[2025-07-04 09:33:15,323] [database.py] [line:107] [INFO] # v2_work_crm_order_main 数据列表：
((49318, '20250623141919528554', 10100, 1, 1, 1, 1, '1750659574', '4200002685202506231834453202', 'o1ELc6LrAZOqCjYiOZur5A-sVzYc', '赵楠', 'H4qNWOvOwe$$$$A$$$$rqaPhQyIw==', datetime.datetime(2025, 6, 23, 14, 20, 50), datetime.datetime(2025, 6, 24, 14, 20, 50), 1, 0, datetime.datetime(2025, 6, 24, 14, 20, 50), None, None, None, 0, datetime.datetime(2025, 6, 23, 14, 19, 19), datetime.datetime(2025, 6, 23, 14, 19, 19)),)

[2025-07-04 09:33:15,341] [database.py] [line:114] [INFO] # v2_work_crm_order_main_son 数据列表：
((14835, '20250623141919528554', 'SOD20250623141927966425', 1, 1, 1, '1750659574', '4200002685202506231834453202', None, '50300203602025062322138050510', '20250623152636809000', datetime.datetime(2025, 6, 23, 15, 26, 37), None, None, None, None, None, None, None, None, datetime.datetime(2025, 6, 23, 14, 19, 27)),)

[2025-07-04 09:33:15,371] [database.py] [line:121] [INFO] # v2_work_crm_order_main_status 数据列表：
((49477, '20250623141919528554', 1, 1, 2, 1, datetime.datetime(2025, 6, 23, 14, 20, 50), 1, 4, 888996, 888996, 'wwec9bda2817108582', '百灵智投', 'LiYongLei', 'LiYongLei', 1, 1, 1, '研选量投', 1, 'yxlt', '这是研选量投的描述', 1, 3, 0, '', '', 0, 0, 'o1ELc6LrAZOqCjYiOZur5A-sVzYc', 1, 1, '1750659574', 1, 0, '', '', 0, datetime.datetime(2025, 6, 23, 14, 19, 19), None, datetime.datetime(2025, 6, 23, 14, 20, 50), 0, '888996', None, None, None, '889009', None, None, None, '889003,889013,889017', None, None, None),)

[2025-07-04 09:33:15,390] [database.py] [line:127] [INFO] # v2_work_crm_hegui 数据列表：
((1028, '20250623141919528554', 'o1ELc6LrAZOqCjYiOZur5A-sVzYc', 1, 0, '', 0, 0, 2, None, None, 1, None, None, None, None, -1, 1, '', 0, datetime.datetime(2025, 6, 23, 14, 20, 46), datetime.datetime(2025, 6, 23, 14, 20, 50)),)

[2025-07-04 09:33:15,409] [database.py] [line:133] [INFO] # v2_work_crm_order_contract 数据列表：
((44300, '20250623141919528554', 'c608df3f33a3413f92250b4ccd678e6b', '74a833512e2e413d8cf7c0537876fdc9', 'd28a3fcb2e7c461cb483222be426f433', 1, '产品服务协议', 'eeZRyEm7vbDA0Lxi1n6NDNDfMbS3FBKFV1I5u28WftFIskiH4SusbdejbsUQMFXYeTZ7DiuHw1qOgFp85WOTrHy6K0HfpJ2JlZVHCnkly3TKc@@@@lCM6kGFw==', '5VFbtjRSP9eHX@@@@3H$$$$LTFZHMFWXdll9IAoUrn7BPXz2yXtq3TplNQwvXJ@@@@yh5@@@@XRKsF5R58jYF0zSk4TgP44@@@@wgPVwnTq4C5$$$$7Rn6ux68ISiTrLsa7YUbZw==', datetime.datetime(2025, 6, 23, 14, 20, 50), '2025-06-23 14:20:37', 'YSTG10A25062300001', None, 'eqoh5xxl$$$$ZHJkZo7HfytjEyYA801VLRe$$$$pS78cSF3nsGRbaNikpsiSE1WU2duLjukCxhu6DZB852D2oIq8h6Tjgfi3ceE1SyRWRX8bnOJrLAKeUirii3i$$$$tVfGj2T0WoXDDix47TcowNW1Zd59ToaPXD3r69j7AYsP8qFtsHIDi5qVn14z3VgcAL$$$$tubvjpyWSjyKotZtA4L3dphwNqvHHk2ew4rh8NajoBafOVjk6x8uitB36SdiZWVRwp5Jct0d@@@@NrlySjKXplUsGwiHEE2wvd2mHA2q8ceTZ7DiuHw1qOgFp85WOTrHy6K0HfpJ2JlZVHCnkly3RVciKiMhbRwQ==', 0, '', datetime.datetime(2025, 6, 23, 14, 20, 46), datetime.datetime(2025, 6, 23, 14, 20, 46)), (44301, '20250623141919528554', None, None, 'dc588181a755439aace7955f2b6da66b', 2, '终止协议-测试', None, '5VFbtjRSP9eHX@@@@3H$$$$LTFZHMFWXdll9IAoUrn7BPXz2yXtq3TplNQwvXJ@@@@yh5@@@@XRKtdxtggvPysrlhLihRAZK11sfQUJJ$$$$q9n', datetime.datetime(2025, 6, 23, 15, 25, 56), '2025-06-23 15:25:56', 'c', None, None, 0, '', datetime.datetime(2025, 6, 23, 15, 25, 34), datetime.datetime(2025, 6, 23, 15, 25, 34)))

[2025-07-04 09:33:15,427] [database.py] [line:144] [INFO] # 风险测评id：41475
[2025-07-04 09:33:15,465] [database.py] [line:157] [INFO] # 退款id：1175
[2025-07-04 09:33:15,796] [database.py] [line:241] [INFO] # app `stock-rubik-cube`.contract_new数据列表：
((219481, '20250623141919528554', 3338203510512787459, 'YSTG10A25062300001', 0, 'service', 0, datetime.date(2025, 6, 23), '74a833512e2e413d8cf7c0537876fdc9', 'c608df3f33a3413f92250b4ccd678e6b', 'AAAAAAq8uroAAAAAAAgqMZeyszk3Un8M4FnlJiHcctlz0FjsKHCdGFir5SDISajLHVT8r24bddgpmaFC2GM/r5hZtl1tlJEM04DRVVZ/RdEESWx3/xtZa7YkH1/Jqr5g7AkjLNm6xE+XY+5biaymu188HKTtOH/Tgwakw6I6JWoEYMDsLWZANg0cZB4y+63LDI6RhQMKcI3g5suxS3QTMwyK2AEQSV2rMRPylRr+J6p1PShDrKIBntG22b45mJnLAgu/iLby/iSCEJrL5QM4KZcymJoynzo2eeskCLPOxltWG6h5cAuF8qjfUH3JAgNN+H/ZE/wB/EU1pWnb0iFsf24sLEfq4SRMYSvuywt3FxeLOPZJg9AqFtrNHzZoG2wEmHtGGvAIlGTWVyy/Xf1t1z0gozVbUaX5mAVsUlkEl4yutBO1DLbff/zqaDRmzDGYmIaZPp6S8S6QpzPhFmGIHNWNzxZ9q163qWflGFex7t9j80wQKy2lm99iL7WbcanpKzEaM94nmkq4htD645R6uLbbmVmOp+07EYtyK2C5skWdPBCilejbrw1LAkW48z7cp8tpt2ORK5+e8uzIsfnoVPM1Td5G+7puhvR5/b5nFaHIJoskHxkyf3eYcpolUxuT0X+Of8BCaH8mqfAOEqmff4wWaDw5DiY=', 'AAAAAAq8uroAAAAAAAgqMlIhVM8cMl0BQ3PdA5RdqTVmBX/b/1GEy3OQ715tAIP6oaDauoAkLux0Sl4yxqL4726O0db0E5zww4AcRIAwejjd7E+MdVIj/tumg43v4DSUvDkC5gDo/haDT9roFpTs0hvGsL4=', datetime.datetime(2025, 6, 23, 14, 20, 37), datetime.datetime(2025, 6, 23, 14, 19, 38), datetime.datetime(2025, 6, 23, 14, 20, 51), 0, '', 2, ''), (219482, '20250623141919528554', 3338203510512787459, '', 1, 'termination', 0, None, '', '', '', '', None, datetime.datetime(2025, 6, 23, 15, 25, 35), datetime.datetime(2025, 6, 23, 15, 25, 35), 0, '', 2, ''))

[2025-07-04 09:33:15,796] [database.py] [line:245] [INFO] # app `stock-rubik-cube`.contract_new数据：
(219481, '20250623141919528554', 3338203510512787459, 'YSTG10A25062300001', 0, 'service', 0, datetime.date(2025, 6, 23), '74a833512e2e413d8cf7c0537876fdc9', 'c608df3f33a3413f92250b4ccd678e6b', 'AAAAAAq8uroAAAAAAAgqMZeyszk3Un8M4FnlJiHcctlz0FjsKHCdGFir5SDISajLHVT8r24bddgpmaFC2GM/r5hZtl1tlJEM04DRVVZ/RdEESWx3/xtZa7YkH1/Jqr5g7AkjLNm6xE+XY+5biaymu188HKTtOH/Tgwakw6I6JWoEYMDsLWZANg0cZB4y+63LDI6RhQMKcI3g5suxS3QTMwyK2AEQSV2rMRPylRr+J6p1PShDrKIBntG22b45mJnLAgu/iLby/iSCEJrL5QM4KZcymJoynzo2eeskCLPOxltWG6h5cAuF8qjfUH3JAgNN+H/ZE/wB/EU1pWnb0iFsf24sLEfq4SRMYSvuywt3FxeLOPZJg9AqFtrNHzZoG2wEmHtGGvAIlGTWVyy/Xf1t1z0gozVbUaX5mAVsUlkEl4yutBO1DLbff/zqaDRmzDGYmIaZPp6S8S6QpzPhFmGIHNWNzxZ9q163qWflGFex7t9j80wQKy2lm99iL7WbcanpKzEaM94nmkq4htD645R6uLbbmVmOp+07EYtyK2C5skWdPBCilejbrw1LAkW48z7cp8tpt2ORK5+e8uzIsfnoVPM1Td5G+7puhvR5/b5nFaHIJoskHxkyf3eYcpolUxuT0X+Of8BCaH8mqfAOEqmff4wWaDw5DiY=', 'AAAAAAq8uroAAAAAAAgqMlIhVM8cMl0BQ3PdA5RdqTVmBX/b/1GEy3OQ715tAIP6oaDauoAkLux0Sl4yxqL4726O0db0E5zww4AcRIAwejjd7E+MdVIj/tumg43v4DSUvDkC5gDo/haDT9roFpTs0hvGsL4=', datetime.datetime(2025, 6, 23, 14, 20, 37), datetime.datetime(2025, 6, 23, 14, 19, 38), datetime.datetime(2025, 6, 23, 14, 20, 51), 0, '', 2, '')

[2025-07-04 09:33:15,796] [database.py] [line:245] [INFO] # app `stock-rubik-cube`.contract_new数据：
(219482, '20250623141919528554', 3338203510512787459, '', 1, 'termination', 0, None, '', '', '', '', None, datetime.datetime(2025, 6, 23, 15, 25, 35), datetime.datetime(2025, 6, 23, 15, 25, 35), 0, '', 2, '')

[2025-07-04 09:33:15,875] [database.py] [line:252] [INFO] # app `stock-rubik-cube`.`order`数据列表：
((3338203510512787459,),)

[2025-07-04 09:33:15,876] [database.py] [line:259] [INFO] # app用户id：3338203510512787459

[2025-07-04 09:33:16,181] [database.py] [line:287] [INFO] # app `stock-rubik-cube`.user_order_product数据列表：
()

[2025-07-04 09:33:16,196] [database.py] [line:85] [INFO] # 
退款订单号：20250702135506366979
[2025-07-04 09:33:16,215] [database.py] [line:97] [INFO] # 退款订单unionid：o1ELc6LrAZOqCjYiOZur5A-sVzYc，kill_order：
[2025-07-04 09:33:16,245] [database.py] [line:107] [INFO] # v2_work_crm_order_main 数据列表：
((49371, '20250702135506366979', 10168, 3, 3, 1, 6, '1751435820', '100104160432000542507020002073', 'o1ELc6LrAZOqCjYiOZur5A-sVzYc', '赵楠', 'H4qNWOvOwe$$$$A$$$$rqaPhQyIw==', datetime.datetime(2025, 7, 2, 13, 59, 40), datetime.datetime(2025, 12, 29, 13, 59, 40), 180, 0, datetime.datetime(2025, 12, 29, 13, 59, 40), None, None, None, 0, datetime.datetime(2025, 7, 2, 13, 55, 6), datetime.datetime(2025, 7, 2, 13, 55, 6)),)

[2025-07-04 09:33:16,264] [database.py] [line:114] [INFO] # v2_work_crm_order_main_son 数据列表：
((14920, '20250702135506366979', 'SOD20250702135613687132', 3, 1, 6, '1751435820', '100104160432000542507020002073', None, '100104160432000572507020001083', '20250702141337561834', datetime.datetime(2025, 7, 2, 14, 13, 39), None, None, None, None, None, None, '100104160432', '1001041604320201', datetime.datetime(2025, 7, 2, 13, 56, 13)),)

[2025-07-04 09:33:16,294] [database.py] [line:121] [INFO] # v2_work_crm_order_main_status 数据列表：
((49530, '20250702135506366979', 1, 1, 2, 1, datetime.datetime(2025, 7, 2, 13, 59, 40), 1, 4, 889009, 889009, 'wwec9bda2817108582', '百灵智投', 'cheng', 'cheng', 1, 2, 1, '趋势智投', 3, 'qszt-4-2', '这是趋势智投-四合一的描述', 180, 11, 0, '20250623141919528554', '', 0, 0, 'o1ELc6LrAZOqCjYiOZur5A-sVzYc', 3, 3, '1751435820', 1, 0, '', '', 0, datetime.datetime(2025, 7, 2, 13, 55, 6), None, datetime.datetime(2025, 7, 2, 13, 59, 40), 0, '888996', None, None, None, '889009', None, None, None, '889003,889013,889017', None, None, None),)

[2025-07-04 09:33:16,312] [database.py] [line:127] [INFO] # v2_work_crm_hegui 数据列表：
((1075, '20250702135506366979', 'o1ELc6LrAZOqCjYiOZur5A-sVzYc', 1, 101371, '', 1, 0, 1, None, None, 1, None, None, None, None, -1, 0, '', 1, datetime.datetime(2025, 7, 2, 13, 56, 6), datetime.datetime(2025, 7, 2, 13, 59, 40)),)

[2025-07-04 09:33:16,331] [database.py] [line:133] [INFO] # v2_work_crm_order_contract 数据列表：
((44359, '20250702135506366979', '2ef625547414400c94e066c9367037c8', 'f3404cce31e741188ae4ffb1c519adbd', 'd28a3fcb2e7c461cb483222be426f433', 1, '产品服务协议', 'eeZRyEm7vbDA0Lxi1n6NDNDfMbS3FBKFV1I5u28WftFIskiH4SusbdejbsUQMFXYeTZ7DiuHw1pflItKtSq9e3m2hfeD5JAElZVHCnkly3TKc@@@@lCM6kGFw==', '5VFbtjRSP9eHX@@@@3H$$$$LTFZHMFWXdll9IAoUrn7BPXz2yXtq3TplNQwvXJ@@@@yh5@@@@XRKsF5R58jYF0zSk4TgP44@@@@wvS$$$$ox0f26pE7Rn6ux68ISiTrLsa7YUbZw==', datetime.datetime(2025, 7, 2, 13, 59, 40), '2025-07-02 13:56:04', 'YSTG10A25070200009', None, 'eqoh5xxl$$$$ZHJkZo7HfytjEyYA801VLRe$$$$pS78cSF3nsGRbaNikpsiSE1WU2duLjukCxhu6DZB852D2oIq8h6Tjgfi3ceE1SyzWi62Ev9BhpZBu3faXmoJ$$$$tVfGj2T0WoXDDix47TcowNW1Zd59ToaPXD3r69j7AYsP8qFtsHIDi5qVn14z3VgcAL$$$$tubvjpyWSjyKotZtA4L3dphwNqvHHk2ew4rh8NaX5SLSrUqvXt5toX3g$$$$SQBJWVRwp5Jct0d@@@@NrlySjKXplUsGwiHEE2wvd2mHA2q8ceTZ7DiuHw1pflItKtSq9e3m2hfeD5JAElZVHCnkly3RVciKiMhbRwQ==', 0, '', datetime.datetime(2025, 7, 2, 13, 56, 6), datetime.datetime(2025, 7, 2, 13, 56, 6)), (44360, '20250702135506366979', None, None, 'dc588181a755439aace7955f2b6da66b', 2, '终止协议-测试', None, '5VFbtjRSP9eHX@@@@3H$$$$LTFZHMFWXdll9IAoUrn7BPXz2yXtq3TplNQwvXJ@@@@yh5@@@@XRKtdxtggvPysrlhLihRAZK11sfQUJJ$$$$q9n', datetime.datetime(2025, 7, 2, 14, 13, 15), '2025-07-02 14:13:15', 'c', None, None, 0, '', datetime.datetime(2025, 7, 2, 14, 12, 52), datetime.datetime(2025, 7, 2, 14, 12, 52)))

[2025-07-04 09:33:16,349] [database.py] [line:144] [INFO] # 风险测评id：41523
[2025-07-04 09:33:16,386] [database.py] [line:157] [INFO] # 退款id：1210
[2025-07-04 09:33:16,717] [database.py] [line:241] [INFO] # app `stock-rubik-cube`.contract_new数据列表：
((219543, '20250702135506366979', 3338203510512787459, 'YSTG10A25070200009', 0, 'service', 0, datetime.date(2025, 7, 2), 'f3404cce31e741188ae4ffb1c519adbd', '2ef625547414400c94e066c9367037c8', 'AAAAAAq8uroAAAAAAAgqvQI0Bxbif1i3/3EVIvfPDOGbXiWQ21NRs2+SquZR6N9e4dHaIrz42aiRbEvzsBSsBUdYwg88TdJ89479aMO8QyehIDB8F078cE7imQ8iAvkQRLTZ+vu4A5t/Joimh0efokdquHLkBecvAL4UpV9/KpxRUoOvAD777BJcjkr9WhtA+HIk+XSl0PYKxEuf5eXGm0+8Dq4wxQpnM191+qxaQS9PlA5l9y0/+7Ws+CIW+5Z/a5KX5vyYJDNRDPJWdLS5waFwa7DTIOJkSvrBaqbNzsyBwr3N3yefTZ2c55L2aMOglAzZpilIj6mP/ofwhInwiS1iapy7L5BoGvmMNKiDFXdCRkuccO7vNfy30R4oLGs+Srm3T77DeTDAZ7p4BERsFiV+hfr0wxRJpxEJRs1V9fPb7ld2U89FCshfSiyzJSyfrz5xqvdZWyExqbaCPp+ImTJr5kheJ+Cgow0lYHfaOG4PswymSC/U1ywSN05nNkgg4Vx5vAX/D8JeUJk3TzEji5qnJotdDJq59bJ7EfHLXMwau3TP7Rmp09nLIAupgvhdrq8CXZLVYJcqHTz8xISo/klflCjeOT2eBmrPMU16WEIVWuNXeELXwo4XyAJ1zWQ20OJxLGmnEDBv+NZ5GBlkHrs/OqYz5l0=', 'AAAAAAq8uroAAAAAAAgqvovWpp9GCCqwV0BkFP+pYGqSLF6JqyBF7LSHSJ7LzTb7+2gIybNf+O13/XIghPSRPaIT7vDqFSW3EStN3pqY53lsQ0UVNCb3ewPG50FtuRTnWPXHYkaLTDAtdo0nxf0Mc2yXHDw=', datetime.datetime(2025, 7, 2, 13, 56, 4), datetime.datetime(2025, 7, 2, 13, 55, 10), datetime.datetime(2025, 7, 2, 13, 59, 41), 0, '', 2, ''), (219544, '20250702135506366979', 3338203510512787459, '', 1, 'termination', 0, None, '', '', '', '', None, datetime.datetime(2025, 7, 2, 14, 12, 53), datetime.datetime(2025, 7, 2, 14, 12, 53), 0, '', 2, ''))

[2025-07-04 09:33:16,717] [database.py] [line:245] [INFO] # app `stock-rubik-cube`.contract_new数据：
(219543, '20250702135506366979', 3338203510512787459, 'YSTG10A25070200009', 0, 'service', 0, datetime.date(2025, 7, 2), 'f3404cce31e741188ae4ffb1c519adbd', '2ef625547414400c94e066c9367037c8', 'AAAAAAq8uroAAAAAAAgqvQI0Bxbif1i3/3EVIvfPDOGbXiWQ21NRs2+SquZR6N9e4dHaIrz42aiRbEvzsBSsBUdYwg88TdJ89479aMO8QyehIDB8F078cE7imQ8iAvkQRLTZ+vu4A5t/Joimh0efokdquHLkBecvAL4UpV9/KpxRUoOvAD777BJcjkr9WhtA+HIk+XSl0PYKxEuf5eXGm0+8Dq4wxQpnM191+qxaQS9PlA5l9y0/+7Ws+CIW+5Z/a5KX5vyYJDNRDPJWdLS5waFwa7DTIOJkSvrBaqbNzsyBwr3N3yefTZ2c55L2aMOglAzZpilIj6mP/ofwhInwiS1iapy7L5BoGvmMNKiDFXdCRkuccO7vNfy30R4oLGs+Srm3T77DeTDAZ7p4BERsFiV+hfr0wxRJpxEJRs1V9fPb7ld2U89FCshfSiyzJSyfrz5xqvdZWyExqbaCPp+ImTJr5kheJ+Cgow0lYHfaOG4PswymSC/U1ywSN05nNkgg4Vx5vAX/D8JeUJk3TzEji5qnJotdDJq59bJ7EfHLXMwau3TP7Rmp09nLIAupgvhdrq8CXZLVYJcqHTz8xISo/klflCjeOT2eBmrPMU16WEIVWuNXeELXwo4XyAJ1zWQ20OJxLGmnEDBv+NZ5GBlkHrs/OqYz5l0=', 'AAAAAAq8uroAAAAAAAgqvovWpp9GCCqwV0BkFP+pYGqSLF6JqyBF7LSHSJ7LzTb7+2gIybNf+O13/XIghPSRPaIT7vDqFSW3EStN3pqY53lsQ0UVNCb3ewPG50FtuRTnWPXHYkaLTDAtdo0nxf0Mc2yXHDw=', datetime.datetime(2025, 7, 2, 13, 56, 4), datetime.datetime(2025, 7, 2, 13, 55, 10), datetime.datetime(2025, 7, 2, 13, 59, 41), 0, '', 2, '')

[2025-07-04 09:33:16,717] [database.py] [line:245] [INFO] # app `stock-rubik-cube`.contract_new数据：
(219544, '20250702135506366979', 3338203510512787459, '', 1, 'termination', 0, None, '', '', '', '', None, datetime.datetime(2025, 7, 2, 14, 12, 53), datetime.datetime(2025, 7, 2, 14, 12, 53), 0, '', 2, '')

[2025-07-04 09:33:16,731] [database.py] [line:252] [INFO] # app `stock-rubik-cube`.`order`数据列表：
((3338203510512787459,),)

[2025-07-04 09:33:16,731] [database.py] [line:259] [INFO] # app用户id：3338203510512787459

[2025-07-04 09:33:16,773] [database.py] [line:287] [INFO] # app `stock-rubik-cube`.user_order_product数据列表：
()

[2025-07-04 09:33:16,788] [database.py] [line:85] [INFO] # 
退款订单号：20250702150425074826
[2025-07-04 09:33:16,806] [database.py] [line:97] [INFO] # 退款订单unionid：o1ELc6LrAZOqCjYiOZur5A-sVzYc，kill_order：
[2025-07-04 09:33:16,824] [database.py] [line:107] [INFO] # v2_work_crm_order_main 数据列表：
((49372, '20250702150425074826', 10169, 5, 5, 1, 6, '1751443142', '100104160431000572507020003153', 'o1ELc6LrAZOqCjYiOZur5A-sVzYc', '赵楠', 'H4qNWOvOwe$$$$A$$$$rqaPhQyIw==', None, None, 274, 0, None, None, None, None, 0, datetime.datetime(2025, 7, 2, 15, 4, 25), datetime.datetime(2025, 7, 2, 15, 4, 25)),)

[2025-07-04 09:33:16,842] [database.py] [line:114] [INFO] # v2_work_crm_order_main_son 数据列表：
((14921, '20250702150425074826', 'SOD20250702150553610477', 5, 0, 6, None, None, None, None, None, None, None, None, None, None, None, None, '100104160431', '1001041604310201', datetime.datetime(2025, 7, 2, 15, 5, 53)), (14922, '20250702150425074826', 'SOD20250702150733827844', 3, 0, 6, None, None, None, None, None, None, None, None, None, None, None, None, '100104160431', '1001041604310201', datetime.datetime(2025, 7, 2, 15, 7, 33)), (14923, '20250702150425074826', 'SOD20250702150748866058', 2, 0, 6, None, None, None, None, None, None, None, None, None, None, None, None, '100104160431', '1001041604310201', datetime.datetime(2025, 7, 2, 15, 7, 48)), (14924, '20250702150425074826', 'SOD20250702150807792518', 1, 0, 1, None, None, None, None, None, None, None, None, None, None, None, None, None, None, datetime.datetime(2025, 7, 2, 15, 8, 7)), (14925, '20250702150425074826', 'SOD20250702150822472295', 2, 0, 6, None, None, None, None, None, None, None, None, None, None, None, None, '100104160431', '1001041604310201', datetime.datetime(2025, 7, 2, 15, 8, 22)), (14926, '20250702150425074826', 'SOD20250702151130213384', 3, 0, 6, None, None, None, None, None, None, None, None, None, None, None, None, '100104160431', '1001041604310201', datetime.datetime(2025, 7, 2, 15, 11, 30)), (14927, '20250702150425074826', 'SOD20250702151144986102', 2, 0, 6, None, None, None, None, None, None, None, None, None, None, None, None, '100104160432', '1001041604320201', datetime.datetime(2025, 7, 2, 15, 11, 44)), (14928, '20250702150425074826', 'SOD20250702154742052059', 500, 0, 2, None, None, None, None, None, None, None, None, None, None, None, None, None, None, datetime.datetime(2025, 7, 2, 15, 47, 42)), (14929, '20250702150425074826', 'SOD20250702155822300903', 2, 0, 6, None, None, None, None, None, None, None, None, None, None, None, None, '100104160432', '1001041604320201', datetime.datetime(2025, 7, 2, 15, 58, 22)), (14930, '20250702150425074826', 'SOD20250702155842809192', 3, 0, 6, None, None, None, None, None, None, None, None, None, None, None, None, '100104160431', '1001041604310201', datetime.datetime(2025, 7, 2, 15, 58, 42)), (14931, '20250702150425074826', 'SOD20250702155856221744', 5, 1, 6, '1751443142', '100104160431000572507020003153', None, '100104160431000572507020004178', '20250702160037263087', datetime.datetime(2025, 7, 2, 16, 0, 38), None, None, None, None, None, None, '100104160431', '1001041604310201', datetime.datetime(2025, 7, 2, 15, 58, 56)))

[2025-07-04 09:33:16,863] [database.py] [line:121] [INFO] # v2_work_crm_order_main_status 数据列表：
((49531, '20250702150425074826', 1, 1, 2, 4, datetime.datetime(2025, 7, 2, 15, 59, 41), 1, 0, 889009, 889009, 'wwec9bda2817108582', '百灵智投', 'cheng', 'cheng', 1, 2, 1, '趋势智投', 5, 'qszt-4-2', '这是趋势智投-四合一的描述', 274, 11, 0, '20250702135506366979', '', 0, 0, 'o1ELc6LrAZOqCjYiOZur5A-sVzYc', 5, 5, '1751443142', 1, 0, '', '', 0, datetime.datetime(2025, 7, 2, 15, 4, 25), None, None, 0, '888996', None, None, None, '889009', None, None, None, '889003,889013,889017', None, None, None),)

[2025-07-04 09:33:16,881] [database.py] [line:127] [INFO] # v2_work_crm_hegui 数据列表：
((1076, '20250702150425074826', 'o1ELc6LrAZOqCjYiOZur5A-sVzYc', 4, 101371, '1', 0, 0, 0, None, None, 1, None, None, None, None, -1, 0, '', 1, datetime.datetime(2025, 7, 2, 15, 5, 26), datetime.datetime(2025, 7, 2, 15, 59, 41)),)

[2025-07-04 09:33:16,900] [database.py] [line:133] [INFO] # v2_work_crm_order_contract 数据列表：
((44361, '20250702150425074826', '956816c73a264dfea059343c5547ddbc', '9ceaaa7cca56449ca3bb6467f97a448b', 'd28a3fcb2e7c461cb483222be426f433', 1, '产品服务协议-测试', None, '5VFbtjRSP9c7CZnanI3IRNPGIqL3XO9ADgf2Ad7asTUreGnYBhwAgiMfBHWUUKVRYoUb2lA9GNAfhdaBr@@@@35h5wnADgjs@@@@ITfmZVAAbo@@@@KCmBlUA99GNGZS19ZzAoqQgjXtbShg4YIvwCK89bG0Nm4Vd3q8@@@@vR7OfwPRCFihxL5cfT3Y$$$$f6qbf3b7zxZ4zVrCoqHLOxxOSlPyxzgsv0DpxMQjc4bFhl7Y5j04oP3ose6JwL0oEIe30rs30XqsDuOu$$$$jp9qUoNkr$$$$cDbZy6rjhDBeEUYw@@@@d6Jl4v0cx0ZuPG9KV4l@@@@lRkCuWW05KtMdxcOaE4MZrcqz8I9q0MnXw8VC1k2cAAkcJKWI86A9KPfZ9msaoA7Ceh3BzaWSLIVUanShbca17j2JCYcJ99GRnNuYBs$$$$8qYrWAURXQCK0OMBssDD0OXVVLNOWhQw@@@@FyN8BC@@@@h0QyHlN7SvucvkyRf@@@@tQwS78@@@@$$$$j1bD7gI@@@@3fETchB0pFq7C2liQKAVnDJk5T67uRoyf7jQ9@@@@aIXt4OdZQl9@@@@oAZFfuTy@@@@wUK0DRI$$$$JtLClrMAUgkPuV@@@@QIVJSpAwpGjKjCRs7i2MWSnXDzRZ6J9hJrHv@@@@iRaL8KXQk1KTTPet$$$$ofJxix784xd5COALt$$$$wb3', None, '2025-07-02 15:05:24', 'YSTG10A25070200010', None, None, 0, '', datetime.datetime(2025, 7, 2, 15, 5, 26), datetime.datetime(2025, 7, 2, 15, 5, 26)),)

[2025-07-04 09:33:16,918] [database.py] [line:144] [INFO] # 风险测评id：41524
[2025-07-04 09:33:16,954] [database.py] [line:157] [INFO] # 退款id：1211
[2025-07-04 09:33:17,285] [database.py] [line:241] [INFO] # app `stock-rubik-cube`.contract_new数据列表：
((219545, '20250702150425074826', 3338203510512787459, 'YSTG10A25070200010', 0, 'service', 0, datetime.date(2025, 7, 2), '9ceaaa7cca56449ca3bb6467f97a448b', '956816c73a264dfea059343c5547ddbc', 'AAAAAAq8uroAAAAAAAgqv+HpEyRiVeuysElRyxGPpkNGfRVlpa+iL/+LuYcpZMd9Tz6kwK2NiBNkLNbuv2+pKachIry9KOuWMC71ey6Yd02y5DDPoAlzGtnrSluWLHRf9ovqmo5fyK9v0QlQwoS3KkW13fhIsjLJu59axIGUs5HwXKFrjgygFGKD8bOxLLBVqw+UPKETsB3oexRzr3rpmP520eybj5tYmvPDM21BFFPxybx/3+VxBamn1Ixrkf0EhOZpFQvOX9giJkVlo+YLbAVeEipVLn/w/4AQJCmJxpIUc4QXbns8pOzNvXwZzeYmBZi81+IOR78I5AZW8LfORFtzpNjpe2I1x4NG6lx39ACjgkqPNO3V82eyUM1K0wOn+yM123fbRgyJWi/yvTMKLVBMt9WeRKs0LWFJVR+i2iy6WoIVc6dR8xrg8bb8EeBPMMUQlYmmS05P6z6JD7rMrehjueuXBP3WM/SSruPeEOFqWL93KM+A0Nb5iFG9eokEO3SKCGSsJCqXmd22aPdN1SougGEOl64arfritrYE843u5AOzE1EYZvKrVOVCmitkmQ4gGNv+brnBhGO/FztPyZAhd51gxZPMEzyFB6LRQdVgHqJgzQvPxRmtCvjYopSOvJNjrwrGkQBHsJYf430Drry9XLO/Zy/+Zw==', '', datetime.datetime(2025, 7, 2, 15, 5, 24), datetime.datetime(2025, 7, 2, 15, 4, 28), datetime.datetime(2025, 7, 2, 15, 5, 25), 0, '', 2, ''),)

[2025-07-04 09:33:17,285] [database.py] [line:245] [INFO] # app `stock-rubik-cube`.contract_new数据：
(219545, '20250702150425074826', 3338203510512787459, 'YSTG10A25070200010', 0, 'service', 0, datetime.date(2025, 7, 2), '9ceaaa7cca56449ca3bb6467f97a448b', '956816c73a264dfea059343c5547ddbc', 'AAAAAAq8uroAAAAAAAgqv+HpEyRiVeuysElRyxGPpkNGfRVlpa+iL/+LuYcpZMd9Tz6kwK2NiBNkLNbuv2+pKachIry9KOuWMC71ey6Yd02y5DDPoAlzGtnrSluWLHRf9ovqmo5fyK9v0QlQwoS3KkW13fhIsjLJu59axIGUs5HwXKFrjgygFGKD8bOxLLBVqw+UPKETsB3oexRzr3rpmP520eybj5tYmvPDM21BFFPxybx/3+VxBamn1Ixrkf0EhOZpFQvOX9giJkVlo+YLbAVeEipVLn/w/4AQJCmJxpIUc4QXbns8pOzNvXwZzeYmBZi81+IOR78I5AZW8LfORFtzpNjpe2I1x4NG6lx39ACjgkqPNO3V82eyUM1K0wOn+yM123fbRgyJWi/yvTMKLVBMt9WeRKs0LWFJVR+i2iy6WoIVc6dR8xrg8bb8EeBPMMUQlYmmS05P6z6JD7rMrehjueuXBP3WM/SSruPeEOFqWL93KM+A0Nb5iFG9eokEO3SKCGSsJCqXmd22aPdN1SougGEOl64arfritrYE843u5AOzE1EYZvKrVOVCmitkmQ4gGNv+brnBhGO/FztPyZAhd51gxZPMEzyFB6LRQdVgHqJgzQvPxRmtCvjYopSOvJNjrwrGkQBHsJYf430Drry9XLO/Zy/+Zw==', '', datetime.datetime(2025, 7, 2, 15, 5, 24), datetime.datetime(2025, 7, 2, 15, 4, 28), datetime.datetime(2025, 7, 2, 15, 5, 25), 0, '', 2, '')

[2025-07-04 09:33:17,299] [database.py] [line:252] [INFO] # app `stock-rubik-cube`.`order`数据列表：
((3338203510512787459,),)

[2025-07-04 09:33:17,299] [database.py] [line:259] [INFO] # app用户id：3338203510512787459

[2025-07-04 09:33:17,341] [database.py] [line:287] [INFO] # app `stock-rubik-cube`.user_order_product数据列表：
()

[2025-07-04 09:33:17,356] [database.py] [line:85] [INFO] # 
退款订单号：20250702160128292302
[2025-07-04 09:33:17,375] [database.py] [line:97] [INFO] # 退款订单unionid：o1ELc6LrAZOqCjYiOZur5A-sVzYc，kill_order：
[2025-07-04 09:33:17,393] [database.py] [line:107] [INFO] # v2_work_crm_order_main 数据列表：
((49373, '20250702160128292302', 10169, 5, 5, 1, 6, '1751443425', '100104160431000582507020001092', 'o1ELc6LrAZOqCjYiOZur5A-sVzYc', '赵楠', 'H4qNWOvOwe$$$$A$$$$rqaPhQyIw==', None, None, 274, 0, None, None, None, None, 0, datetime.datetime(2025, 7, 2, 16, 1, 28), datetime.datetime(2025, 7, 2, 16, 1, 28)),)

[2025-07-04 09:33:17,412] [database.py] [line:114] [INFO] # v2_work_crm_order_main_son 数据列表：
((14932, '20250702160128292302', 'SOD20250702160319329416', 5, 0, 6, None, None, None, None, None, None, None, None, None, None, None, None, '100104160431', '1001041604310201', datetime.datetime(2025, 7, 2, 16, 3, 19)), (14933, '20250702160128292302', 'SOD20250702160339609284', 5, 1, 6, '1751443425', '100104160431000582507020001092', None, '100104160431000572507020003154', '20250702162528131188', datetime.datetime(2025, 7, 2, 16, 25, 29), None, None, None, None, None, None, '100104160431', '1001041604310201', datetime.datetime(2025, 7, 2, 16, 3, 39)))

[2025-07-04 09:33:17,432] [database.py] [line:121] [INFO] # v2_work_crm_order_main_status 数据列表：
((49532, '20250702160128292302', 1, 1, 2, 4, datetime.datetime(2025, 7, 2, 16, 25, 14), 1, 0, 889009, 889009, 'wwec9bda2817108582', '百灵智投', 'cheng', 'cheng', 1, 2, 1, '趋势智投', 5, 'qszt-4-2', '这是趋势智投-四合一的描述', 274, 11, 0, '20250702135506366979', '', 0, 0, 'o1ELc6LrAZOqCjYiOZur5A-sVzYc', 5, 5, '1751443425', 1, 0, '', '', 0, datetime.datetime(2025, 7, 2, 16, 1, 28), None, None, 0, '888996', None, None, None, '889009', None, None, None, '889003,889013,889017', None, None, None),)

[2025-07-04 09:33:17,450] [database.py] [line:127] [INFO] # v2_work_crm_hegui 数据列表：
((1077, '20250702160128292302', 'o1ELc6LrAZOqCjYiOZur5A-sVzYc', 4, 101371, '1', 0, 0, 0, None, None, 1, None, None, None, None, -1, 0, '', 1, datetime.datetime(2025, 7, 2, 16, 2, 51), datetime.datetime(2025, 7, 2, 16, 25, 14)),)

[2025-07-04 09:33:17,469] [database.py] [line:133] [INFO] # v2_work_crm_order_contract 数据列表：
((44362, '20250702160128292302', '804e419c44ff4b09ab9e259c00dda779', 'c3f23ab51a864b11b4e8a2cc1001b9ce', 'd28a3fcb2e7c461cb483222be426f433', 1, '产品服务协议-测试', None, '5VFbtjRSP9c7CZnanI3IRNPGIqL3XO9ADgf2Ad7asTUreGnYBhwAgoiYHSrhqQ$$$$29qqVHaE2WnXzKbZFQ7Jh0NNKRdc7TNtthhhFTX1LOAbpAfjE6PFC0kMP1J7Is8WUjXtbShg4YIvwCK89bG0Nm4Vd3q8@@@@vR7OfwPRCFihxL5cfT3Y$$$$f6qbf3b7zxZ4zVrCoqHLOxxOSlPyxzgsv0DpxMQjc4bFhl7Y5j04oP3ose6JwL0oEIe30rs30XqsDuOu$$$$jp9qUoNkr$$$$cDbZy6rjhDBeEUYw@@@@d6Jl4v0cx0ZuPG9KV4l@@@@lRkCuWW05KtMdxcOaE4MZrcqz8I9q0MnXw8VC1k2cAAkcJKWI86A9KPfZ9msaoA7Ceh3BzaWSLIVUanShbca17j2JCYcJ99GRnNuYBs$$$$8qYrWAURXQCK0OMBssDD0OXVVLNOWhQw@@@@FyN8BC@@@@h0QyHlN7SvucvkyRf@@@@tQwS78@@@@$$$$j1bD7gI@@@@3fETchB0pFq7C2liQKAVnDJk5T67uRoyf7jQ9@@@@aIXt4OdZQl9@@@@hLKlKPqkbnE1JnAcwnbTNpAsaOCqZxpO9ezXRHSIi95s$$$$4C1ceT5Yv8FefPhlqEVZklMxnMAA@@@@kwVNhsO$$$$OFBi$$$$TdpBZBzHeH1fghvexbTr', None, '2025-07-02 16:02:47', 'YSTG10A25070200011', None, None, 0, '', datetime.datetime(2025, 7, 2, 16, 2, 51), datetime.datetime(2025, 7, 2, 16, 2, 51)),)

[2025-07-04 09:33:17,487] [database.py] [line:144] [INFO] # 风险测评id：41525
[2025-07-04 09:33:17,524] [database.py] [line:157] [INFO] # 退款id：1212
[2025-07-04 09:33:17,854] [database.py] [line:241] [INFO] # app `stock-rubik-cube`.contract_new数据列表：
((219546, '20250702160128292302', 3338203510512787459, 'YSTG10A25070200011', 0, 'service', 0, datetime.date(2025, 7, 2), 'c3f23ab51a864b11b4e8a2cc1001b9ce', '804e419c44ff4b09ab9e259c00dda779', 'AAAAAAq8uroAAAAAAAgqwJM+3CwVuStUAMxD3wHgmbIESBMRmFrAIBBXmeqjMU3tPc5jHRMTQyAeKm5dQg7lvxhNH3FW00SUsq5d2m6wucntP+K8GwQSY9Rxsh+Cf8Z5ILvj932NamTudUIS8fwEr27XZShwq8O2yP7YNNml6tE/2v5X2qHPZ5NpTWeAw0+B3shGdo40t5JAjyjrmrysJDyL7+bdQPDtAvV3CFqC+WAPIlffXJROq5m+2funyMCGhAtLqDtUitKZPWj/TBll4WssPp/Yns8UqrBfNed5kb2am6Lck2HbU4lN1HqUn1jFV1tC3KLVLtp+6J+gf9NodiXKbjgCmqUKpG0fRBTzOQ3tVCZ6qLHxC7ITX6WvWO9hs9Udsii1rOsEcQSpiB//6nYdJdSmOG+koH6lciyEH480a2tCUYWgwjpWgEHOW2+Sjupx0Sq75OLMjVjLwkw5XxE+1Yt0RbdVhz9oUrPjGqVErRlrvIhD6nIWOaCmvaCBkO1Cso7iJ27wGg8uauWWsKRxLd6GlN7Fu2WFKzI2i3EeMvUQND+vK7dAJrdd5JjeOy1ECcBLFVDJ3CZrFJCyRDbcvKGpW938S8JwYnt6iukPQSswGBiFFOelTjekt73fpjVcoORChKyRzUj0W7U/wKqbItm/HK3wJMbU', '', datetime.datetime(2025, 7, 2, 16, 2, 47), datetime.datetime(2025, 7, 2, 16, 1, 50), datetime.datetime(2025, 7, 2, 16, 2, 50), 0, '', 2, ''),)

[2025-07-04 09:33:17,855] [database.py] [line:245] [INFO] # app `stock-rubik-cube`.contract_new数据：
(219546, '20250702160128292302', 3338203510512787459, 'YSTG10A25070200011', 0, 'service', 0, datetime.date(2025, 7, 2), 'c3f23ab51a864b11b4e8a2cc1001b9ce', '804e419c44ff4b09ab9e259c00dda779', 'AAAAAAq8uroAAAAAAAgqwJM+3CwVuStUAMxD3wHgmbIESBMRmFrAIBBXmeqjMU3tPc5jHRMTQyAeKm5dQg7lvxhNH3FW00SUsq5d2m6wucntP+K8GwQSY9Rxsh+Cf8Z5ILvj932NamTudUIS8fwEr27XZShwq8O2yP7YNNml6tE/2v5X2qHPZ5NpTWeAw0+B3shGdo40t5JAjyjrmrysJDyL7+bdQPDtAvV3CFqC+WAPIlffXJROq5m+2funyMCGhAtLqDtUitKZPWj/TBll4WssPp/Yns8UqrBfNed5kb2am6Lck2HbU4lN1HqUn1jFV1tC3KLVLtp+6J+gf9NodiXKbjgCmqUKpG0fRBTzOQ3tVCZ6qLHxC7ITX6WvWO9hs9Udsii1rOsEcQSpiB//6nYdJdSmOG+koH6lciyEH480a2tCUYWgwjpWgEHOW2+Sjupx0Sq75OLMjVjLwkw5XxE+1Yt0RbdVhz9oUrPjGqVErRlrvIhD6nIWOaCmvaCBkO1Cso7iJ27wGg8uauWWsKRxLd6GlN7Fu2WFKzI2i3EeMvUQND+vK7dAJrdd5JjeOy1ECcBLFVDJ3CZrFJCyRDbcvKGpW938S8JwYnt6iukPQSswGBiFFOelTjekt73fpjVcoORChKyRzUj0W7U/wKqbItm/HK3wJMbU', '', datetime.datetime(2025, 7, 2, 16, 2, 47), datetime.datetime(2025, 7, 2, 16, 1, 50), datetime.datetime(2025, 7, 2, 16, 2, 50), 0, '', 2, '')

[2025-07-04 09:33:17,868] [database.py] [line:252] [INFO] # app `stock-rubik-cube`.`order`数据列表：
((3338203510512787459,),)

[2025-07-04 09:33:17,868] [database.py] [line:259] [INFO] # app用户id：3338203510512787459

[2025-07-04 09:33:17,911] [database.py] [line:287] [INFO] # app `stock-rubik-cube`.user_order_product数据列表：
()

[2025-07-04 09:33:17,926] [database.py] [line:85] [INFO] # 
退款订单号：20250703145834914885
[2025-07-04 09:33:17,945] [database.py] [line:97] [INFO] # 退款订单unionid：o1ELc6LrAZOqCjYiOZur5A-sVzYc，kill_order：
[2025-07-04 09:33:17,963] [database.py] [line:107] [INFO] # v2_work_crm_order_main 数据列表：
((49384, '20250703145834914885', 10170, 7, 7, 1, 1, '1751526121', '4200002685202507032965157082', 'o1ELc6LrAZOqCjYiOZur5A-sVzYc', '赵楠', 'H4qNWOvOwe$$$$A$$$$rqaPhQyIw==', None, None, 365, 0, None, None, None, None, 0, datetime.datetime(2025, 7, 3, 14, 58, 34), datetime.datetime(2025, 7, 3, 14, 58, 34)),)

[2025-07-04 09:33:17,982] [database.py] [line:114] [INFO] # v2_work_crm_order_main_son 数据列表：
((14947, '20250703145834914885', 'SOD20250703150100716477', 3, 1, 6, '1751526071', '100104160432000512507030004162', None, '100104160432000582507030002144', '20250703150931341631', datetime.datetime(2025, 7, 3, 15, 9, 33), None, None, None, None, None, None, '100104160432', '1001041604320201', datetime.datetime(2025, 7, 3, 15, 1)), (14948, '20250703145834914885', 'SOD20250703150137459878', 3, 1, 6, '1751526109', '100104160432000532507030004075', None, '100104160432000582507030002145', '20250703150937225676', datetime.datetime(2025, 7, 3, 15, 9, 39), None, None, None, None, None, None, '100104160432', '1001041604320201', datetime.datetime(2025, 7, 3, 15, 1, 37)), (14949, '20250703145834914885', 'SOD20250703150156443476', 1, 1, 1, '1751526121', '4200002685202507032965157082', None, '50300204122025070370152179895', '20250703150942594828', datetime.datetime(2025, 7, 3, 15, 9, 43), None, None, None, None, None, None, None, None, datetime.datetime(2025, 7, 3, 15, 1, 56)))

[2025-07-04 09:33:18,000] [database.py] [line:121] [INFO] # v2_work_crm_order_main_status 数据列表：
((49543, '20250703145834914885', 1, 1, 2, 4, datetime.datetime(2025, 7, 3, 15, 9, 21), 1, 0, 889009, 889009, 'wwec9bda2817108582', '百灵智投', 'cheng', 'cheng', 1, 2, 1, '趋势智投', 7, 'qszt-4-2', '这是趋势智投-四合一的描述', 365, 11, 0, '20250702135506366979', '', 0, 0, 'o1ELc6LrAZOqCjYiOZur5A-sVzYc', 7, 7, '1751526121', 1, 0, '', '', 0, datetime.datetime(2025, 7, 3, 14, 58, 34), None, None, 0, '888996', None, None, None, '889009', None, None, None, '889003,889013,889017', None, None, None),)

[2025-07-04 09:33:18,018] [database.py] [line:127] [INFO] # v2_work_crm_hegui 数据列表：
((1088, '20250703145834914885', 'o1ELc6LrAZOqCjYiOZur5A-sVzYc', 4, 101371, '1', 0, 0, 0, None, None, 1, None, None, None, None, -1, 0, '', 1, datetime.datetime(2025, 7, 3, 15, 0, 16), datetime.datetime(2025, 7, 3, 15, 9, 21)),)

[2025-07-04 09:33:18,124] [database.py] [line:133] [INFO] # v2_work_crm_order_contract 数据列表：
((44374, '20250703145834914885', '7428b592021d4e59b764d99dd711d45c', '6bfa4856991e4e809eb5539037db2170', 'd28a3fcb2e7c461cb483222be426f433', 1, '产品服务协议-测试', None, '5VFbtjRSP9c7CZnanI3IRNPGIqL3XO9ADgf2Ad7asTUreGnYBhwAgsXseZLKr40rhpiJ4ePdgNPCUkE7atGhJnVbAsVSZSkdk0N1RxqJVLcuKyp7NX4uQfrm5ecElIy4jXtbShg4YIvwCK89bG0Nm4Vd3q8@@@@vR7OfwPRCFihxL5cfT3Y$$$$f6qbf3b7zxZ4zVrCoqHLOxxOSlPyxzgsv0DpxMQjc4bFhl7Y5j04oP3ose6JwL0oEIe30rs30XqsDuOu$$$$jp9qUoNkr$$$$cDbZy6rjhDBeEUYw@@@@d6Jl4v0cx0ZuPG9KV4l@@@@lRkCuWW05KtMdxcOaE4MZrcqz8I9q0MnXw8VC1k2cAAkcJKWI86A9KPfZ9msaoA7Ceh3BzaWSLIVUanShbca17j2JCYcJ99GRnNuYBs$$$$8qYrWAURXQCK0OMBssDD0OXVVLNOWhQw@@@@FyN8BC@@@@h0QyHlN7SvucvkyRf@@@@tQwS78@@@@$$$$j1bD7gI@@@@3fETchB0pFq7C2liQKAVnDJk5T67uRoyf7jQ9@@@@aIXt4OdZQl9@@@@hhs5dqrTK671OkFFCBUtO6s4sSSb1YxC9GSZm$$$$LMOv@@@@WoGNRpwEDZFoNOvPnilabq9nzeCel$$$$Cu$$$$UL2Rl8lIvwp5Nc$$$$3lalaQ==', None, '2025-07-03 15:00:13', 'YSTG10A25070300008', None, None, 0, '', datetime.datetime(2025, 7, 3, 15, 0, 16), datetime.datetime(2025, 7, 3, 15, 0, 16)),)

[2025-07-04 09:33:18,142] [database.py] [line:144] [INFO] # 风险测评id：41536
[2025-07-04 09:33:18,228] [database.py] [line:157] [INFO] # 退款id：1224
[2025-07-04 09:33:18,557] [database.py] [line:241] [INFO] # app `stock-rubik-cube`.contract_new数据列表：
((219558, '20250703145834914885', 3338203510512787459, 'YSTG10A25070300008', 0, 'service', 0, datetime.date(2025, 7, 3), '6bfa4856991e4e809eb5539037db2170', '7428b592021d4e59b764d99dd711d45c', 'AAAAAAq8uroAAAAAAAgqzfLyEbU2kGUjefaBUgihb7J6Q/B9tGLr0AFhl8GgQl85TvyrPSycJkdU/H6br1ruR93X0Y4X6Ip957lbdx4qeIdVf/lSmDc2D/I5GV9/vpiTGOEnym6OIcKPwm1bCKlepy1Xvfv9h7mWYET2TPu/saeok7Wf/CRiinMWxFNgkSxSia16H56tH8jVjddVx7OVf6+mCKTj7ABZkMhUqjewOv7c6PDQjLUVIxyZn4tBZKOZFvc6sPP1/+mR6+jd0hYaDF964nwb9bVHjJ6LGI+Oyu0ALx7BSIoaz4VCMnu3e5Rh1MJ/EL+efl1UW9SMkrScjER6ZPPEhKHjKNNbQpwbyJ2DR1bCQWpKgAZ/NnQw7TC37XpK2n1FqP70TIg2+dJ0AxEewbcx7C1qjJTkBWd4Y8pqMKXhrpuXItsD5V6zS2S/0E/AhZHyxLNYosyuT32ZnUn50Mhxq4cTNyhiQTwJaTJ0r7RF8S04sTO2il3Jsxd7FQL6CgFztw6Zz4RnXY/K0ou90jFKBzmPLyoauPQUNKxlussYs35JJWiVGJvwRcTc+c7SgV6N6IczXs0/1Egk3XBD33HYaMPhRaL5XRK/IaichudyL9kh22fagoCT4k7DdhKNbG+XXyaeS4DRgj5ZeuRXgneBbFw=', '', datetime.datetime(2025, 7, 3, 15, 0, 13), datetime.datetime(2025, 7, 3, 14, 58, 39), datetime.datetime(2025, 7, 3, 15, 0, 15), 0, '', 2, ''),)

[2025-07-04 09:33:18,557] [database.py] [line:245] [INFO] # app `stock-rubik-cube`.contract_new数据：
(219558, '20250703145834914885', 3338203510512787459, 'YSTG10A25070300008', 0, 'service', 0, datetime.date(2025, 7, 3), '6bfa4856991e4e809eb5539037db2170', '7428b592021d4e59b764d99dd711d45c', 'AAAAAAq8uroAAAAAAAgqzfLyEbU2kGUjefaBUgihb7J6Q/B9tGLr0AFhl8GgQl85TvyrPSycJkdU/H6br1ruR93X0Y4X6Ip957lbdx4qeIdVf/lSmDc2D/I5GV9/vpiTGOEnym6OIcKPwm1bCKlepy1Xvfv9h7mWYET2TPu/saeok7Wf/CRiinMWxFNgkSxSia16H56tH8jVjddVx7OVf6+mCKTj7ABZkMhUqjewOv7c6PDQjLUVIxyZn4tBZKOZFvc6sPP1/+mR6+jd0hYaDF964nwb9bVHjJ6LGI+Oyu0ALx7BSIoaz4VCMnu3e5Rh1MJ/EL+efl1UW9SMkrScjER6ZPPEhKHjKNNbQpwbyJ2DR1bCQWpKgAZ/NnQw7TC37XpK2n1FqP70TIg2+dJ0AxEewbcx7C1qjJTkBWd4Y8pqMKXhrpuXItsD5V6zS2S/0E/AhZHyxLNYosyuT32ZnUn50Mhxq4cTNyhiQTwJaTJ0r7RF8S04sTO2il3Jsxd7FQL6CgFztw6Zz4RnXY/K0ou90jFKBzmPLyoauPQUNKxlussYs35JJWiVGJvwRcTc+c7SgV6N6IczXs0/1Egk3XBD33HYaMPhRaL5XRK/IaichudyL9kh22fagoCT4k7DdhKNbG+XXyaeS4DRgj5ZeuRXgneBbFw=', '', datetime.datetime(2025, 7, 3, 15, 0, 13), datetime.datetime(2025, 7, 3, 14, 58, 39), datetime.datetime(2025, 7, 3, 15, 0, 15), 0, '', 2, '')

[2025-07-04 09:33:18,571] [database.py] [line:252] [INFO] # app `stock-rubik-cube`.`order`数据列表：
((3338203510512787459,),)

[2025-07-04 09:33:18,571] [database.py] [line:259] [INFO] # app用户id：3338203510512787459

[2025-07-04 09:33:18,612] [database.py] [line:287] [INFO] # app `stock-rubik-cube`.user_order_product数据列表：
()

[2025-07-04 09:33:18,627] [database.py] [line:85] [INFO] # 
退款订单号：20250703151205695127
[2025-07-04 09:33:18,645] [database.py] [line:97] [INFO] # 退款订单unionid：o1ELc6LrAZOqCjYiOZur5A-sVzYc，kill_order：
[2025-07-04 09:33:18,663] [database.py] [line:107] [INFO] # v2_work_crm_order_main 数据列表：
((49386, '20250703151205695127', 10170, 7, 7, 1, 1, '1751526923', '4200002699202507035801693099', 'o1ELc6LrAZOqCjYiOZur5A-sVzYc', '赵楠', 'H4qNWOvOwe$$$$A$$$$rqaPhQyIw==', None, None, 365, 0, None, None, None, None, 0, datetime.datetime(2025, 7, 3, 15, 12, 5), datetime.datetime(2025, 7, 3, 15, 12, 5)),)

[2025-07-04 09:33:18,683] [database.py] [line:114] [INFO] # v2_work_crm_order_main_son 数据列表：
((14950, '20250703151205695127', 'SOD20250703151311004731', 4, 1, 6, '1751526798', '100104160431000562507030002094', None, '100104160431000512507030002066', '20250703151636655078', datetime.datetime(2025, 7, 3, 15, 16, 38), None, None, None, None, None, None, '100104160431', '1001041604310201', datetime.datetime(2025, 7, 3, 15, 13, 11)), (14951, '20250703151205695127', 'SOD20250703151329887030', 2, 1, 1, '1751526815', '4200002685202507035922376716', None, '50303603912025070395107215022', '20250703151643696913', datetime.datetime(2025, 7, 3, 15, 16, 44), None, None, None, None, None, None, None, None, datetime.datetime(2025, 7, 3, 15, 13, 29)), (14952, '20250703151205695127', 'SOD20250703151452636110', 1, 1, 1, '1751526923', '4200002699202507035801693099', None, '50301904132025070338261186676', '20250703151649225455', datetime.datetime(2025, 7, 3, 15, 16, 50), None, None, None, None, None, None, None, None, datetime.datetime(2025, 7, 3, 15, 14, 52)))

[2025-07-04 09:33:18,702] [database.py] [line:121] [INFO] # v2_work_crm_order_main_status 数据列表：
((49545, '20250703151205695127', 1, 1, 2, 4, datetime.datetime(2025, 7, 3, 15, 16, 25), 1, 0, 889009, 889009, 'wwec9bda2817108582', '百灵智投', 'cheng', 'cheng', 1, 2, 1, '趋势智投', 7, 'qszt-4-2', '这是趋势智投-四合一的描述', 365, 11, 0, '20250702135506366979', '', 0, 0, 'o1ELc6LrAZOqCjYiOZur5A-sVzYc', 7, 7, '1751526923', 1, 0, '', '', 0, datetime.datetime(2025, 7, 3, 15, 12, 5), None, None, 0, '888996', None, None, None, '889009', None, None, None, '889003,889013,889017', None, None, None),)

[2025-07-04 09:33:18,720] [database.py] [line:127] [INFO] # v2_work_crm_hegui 数据列表：
((1089, '20250703151205695127', 'o1ELc6LrAZOqCjYiOZur5A-sVzYc', 4, 101371, '1', 0, 0, 0, None, None, 1, None, None, None, None, -1, 0, '', 1, datetime.datetime(2025, 7, 3, 15, 13, 1), datetime.datetime(2025, 7, 3, 15, 16, 25)),)

[2025-07-04 09:33:18,738] [database.py] [line:133] [INFO] # v2_work_crm_order_contract 数据列表：
((44375, '20250703151205695127', '673fd93daa564eb08c44107d87c18569', 'b03ad6a14f6946168fca61cf44f1de62', 'd28a3fcb2e7c461cb483222be426f433', 1, '产品服务协议-测试', None, '5VFbtjRSP9c7CZnanI3IRNPGIqL3XO9ADgf2Ad7asTUreGnYBhwAgg8$$$$LC$$$$YdPq4V0bl$$$$Fm3zxUgRk4clWQYA0fA@@@@rIRFiQ7dQJd4hQah1jhaf5xjEJQUEd5TaZccxNcjXtbShg4YIvwCK89bG0Nm4Vd3q8@@@@vR7OfwPRCFihxL5cfT3Y$$$$f6qbf3b7zxZ4zVrCoqHLOxxOSlPyxzgsv0DpxMQjc4bFhl7Y5j04oP3ose6JwL0oEIe30rs30XqsDuOu$$$$jp9qUoNkr$$$$cDbZy6rjhDBeEUYw@@@@d6Jl4v0cx0ZuPG9KV4l@@@@lRkCuWW05KtMdxcOaE4MZrcqz8I9q0MnXw8VC1k2cAAkcJKWI86A9KPfZ9msaoA7Ceh3BzaWSLIVUanShbca17j2JCYcJ99GRnNuYBs$$$$8qYrWAURXQCK0OMBssDD0OXVVLNOWhQw@@@@FyN8BC@@@@h0QyHlN7SvucvkyRf@@@@tQwS78@@@@$$$$j1bD7gI@@@@3fETchB0pFq7C2liQKAVnDJk5T67uRoyf7jQ9@@@@aIXt4OdZQl9@@@@kkDxF6Us7b4U5zse7wkOVYbs7Mlg3y9AzfGHza6qDHA7E64tgR0BsFuBPixz@@@@6X6IQOSoAEIQ2PG$$$$WHV5de7JLgwEezbVh@@@@kQ==', None, '2025-07-03 15:12:58', 'YSTG10A25070300009', None, None, 0, '', datetime.datetime(2025, 7, 3, 15, 13, 1), datetime.datetime(2025, 7, 3, 15, 13, 1)),)

[2025-07-04 09:33:18,756] [database.py] [line:144] [INFO] # 风险测评id：41537
[2025-07-04 09:33:18,792] [database.py] [line:157] [INFO] # 退款id：1225
[2025-07-04 09:33:19,121] [database.py] [line:241] [INFO] # app `stock-rubik-cube`.contract_new数据列表：
((219559, '20250703151205695127', 3338203510512787459, 'YSTG10A25070300009', 0, 'service', 0, datetime.date(2025, 7, 3), 'b03ad6a14f6946168fca61cf44f1de62', '673fd93daa564eb08c44107d87c18569', 'AAAAAAq8uroAAAAAAAgqzoS2wliSE276/g7Njkfgt13GU20bLnGeKRAa4JZ6PwJcAUQmhtFhKUU6DAc26bZ6uyFddDEaoDciQfdeYUPo4F+gtqdCL0U+iemqJP3+wEgAQSl4PinlMNWmKmvm0aJiN3WrmigwmDJXv7y4FTfm2qshjOR/EbyhWHklXopaMmFM10p48VU8qi0qDqZ658J2ttAcFQDRUUo3WZ617py244gbuI8AXeIygpwdWI36eaLOpOiNrHFSdN94rGGn3N2eHrqLL+IRl1vF9Wrh0WAiargPd9yX2ahLHlc8+YHKcEDE5BByOpbvSnu7yayhF5x3eO/jn7ZMCosLn5+Is65FJIFal3zEjMOzRzybHyhd6HAzmdoyV0upgh1g1OQ7+6IkksdoMWk2UC7/hokE15qD2DJWNQwRK3YndqfSNBTRdNApvv0ThnRGxqLFIzTUCUrpF1kGC8Dfi8JKINcw45EMq7oTNJ8X6af5RjByRbE5Qw5d5sAi5DUuA2TsG34IRT6IMcQYO8OGdHE/WJ4tFDOuPDS18MxqF5c77w1AWhv16PLpBu+OEzs5cHd3rW69xYcCFLToLJFwmHdbL9gNfxDchGn6XAggRlKHpIaanWDppDMNAW+Sko2Ypdj7TjgXV39r2npm4TiyfXM=', '', datetime.datetime(2025, 7, 3, 15, 12, 58), datetime.datetime(2025, 7, 3, 15, 12, 9), datetime.datetime(2025, 7, 3, 15, 13), 0, '', 2, ''),)

[2025-07-04 09:33:19,121] [database.py] [line:245] [INFO] # app `stock-rubik-cube`.contract_new数据：
(219559, '20250703151205695127', 3338203510512787459, 'YSTG10A25070300009', 0, 'service', 0, datetime.date(2025, 7, 3), 'b03ad6a14f6946168fca61cf44f1de62', '673fd93daa564eb08c44107d87c18569', 'AAAAAAq8uroAAAAAAAgqzoS2wliSE276/g7Njkfgt13GU20bLnGeKRAa4JZ6PwJcAUQmhtFhKUU6DAc26bZ6uyFddDEaoDciQfdeYUPo4F+gtqdCL0U+iemqJP3+wEgAQSl4PinlMNWmKmvm0aJiN3WrmigwmDJXv7y4FTfm2qshjOR/EbyhWHklXopaMmFM10p48VU8qi0qDqZ658J2ttAcFQDRUUo3WZ617py244gbuI8AXeIygpwdWI36eaLOpOiNrHFSdN94rGGn3N2eHrqLL+IRl1vF9Wrh0WAiargPd9yX2ahLHlc8+YHKcEDE5BByOpbvSnu7yayhF5x3eO/jn7ZMCosLn5+Is65FJIFal3zEjMOzRzybHyhd6HAzmdoyV0upgh1g1OQ7+6IkksdoMWk2UC7/hokE15qD2DJWNQwRK3YndqfSNBTRdNApvv0ThnRGxqLFIzTUCUrpF1kGC8Dfi8JKINcw45EMq7oTNJ8X6af5RjByRbE5Qw5d5sAi5DUuA2TsG34IRT6IMcQYO8OGdHE/WJ4tFDOuPDS18MxqF5c77w1AWhv16PLpBu+OEzs5cHd3rW69xYcCFLToLJFwmHdbL9gNfxDchGn6XAggRlKHpIaanWDppDMNAW+Sko2Ypdj7TjgXV39r2npm4TiyfXM=', '', datetime.datetime(2025, 7, 3, 15, 12, 58), datetime.datetime(2025, 7, 3, 15, 12, 9), datetime.datetime(2025, 7, 3, 15, 13), 0, '', 2, '')

[2025-07-04 09:33:19,135] [database.py] [line:252] [INFO] # app `stock-rubik-cube`.`order`数据列表：
((3338203510512787459,),)

[2025-07-04 09:33:19,135] [database.py] [line:259] [INFO] # app用户id：3338203510512787459

[2025-07-04 09:33:19,177] [database.py] [line:287] [INFO] # app `stock-rubik-cube`.user_order_product数据列表：
()

[2025-07-04 09:33:19,192] [database.py] [line:85] [INFO] # 
退款订单号：20250703151724989517
[2025-07-04 09:33:19,211] [database.py] [line:97] [INFO] # 退款订单unionid：o1ELc6LrAZOqCjYiOZur5A-sVzYc，kill_order：
[2025-07-04 09:33:19,229] [database.py] [line:107] [INFO] # v2_work_crm_order_main 数据列表：
((49387, '20250703151724989517', 10170, 7, 7, 1, 1, '1751527135', '4200002670202507032515664537', 'o1ELc6LrAZOqCjYiOZur5A-sVzYc', '赵楠', 'H4qNWOvOwe$$$$A$$$$rqaPhQyIw==', None, None, 365, 0, None, None, None, None, 0, datetime.datetime(2025, 7, 3, 15, 17, 24), datetime.datetime(2025, 7, 3, 15, 17, 24)),)

[2025-07-04 09:33:19,248] [database.py] [line:114] [INFO] # v2_work_crm_order_main_son 数据列表：
((14953, '20250703151724989517', 'SOD20250703151829605521', 6, 1, 6, '1751527116', '100104160431000552507030001086', None, '100104160431000542507030006194', '20250703152213796879', datetime.datetime(2025, 7, 3, 15, 22, 15), None, None, None, None, None, None, '100104160431', '1001041604310201', datetime.datetime(2025, 7, 3, 15, 18, 29)), (14954, '20250703151724989517', 'SOD20250703151848338687', 1, 1, 1, '1751527135', '4200002670202507032515664537', None, '50301704052025070393161448458', '20250703152208536321', datetime.datetime(2025, 7, 3, 15, 22, 9), None, None, None, None, None, None, None, None, datetime.datetime(2025, 7, 3, 15, 18, 48)))

[2025-07-04 09:33:19,267] [database.py] [line:121] [INFO] # v2_work_crm_order_main_status 数据列表：
((49546, '20250703151724989517', 1, 1, 2, 4, datetime.datetime(2025, 7, 3, 15, 21, 57), 1, 0, 889009, 889009, 'wwec9bda2817108582', '百灵智投', 'cheng', 'cheng', 1, 2, 1, '趋势智投', 7, 'qszt-4-2', '这是趋势智投-四合一的描述', 365, 11, 0, '20250702135506366979', '', 0, 0, 'o1ELc6LrAZOqCjYiOZur5A-sVzYc', 7, 7, '1751527135', 1, 0, '', '', 0, datetime.datetime(2025, 7, 3, 15, 17, 24), None, None, 0, '888996', None, None, None, '889009', None, None, None, '889003,889013,889017', None, None, None),)

[2025-07-04 09:33:19,286] [database.py] [line:127] [INFO] # v2_work_crm_hegui 数据列表：
((1090, '20250703151724989517', 'o1ELc6LrAZOqCjYiOZur5A-sVzYc', 4, 101371, '1', 0, 0, 0, None, None, 1, None, None, None, None, -1, 0, '', 1, datetime.datetime(2025, 7, 3, 15, 18, 21), datetime.datetime(2025, 7, 3, 15, 21, 57)),)

[2025-07-04 09:33:19,305] [database.py] [line:133] [INFO] # v2_work_crm_order_contract 数据列表：
((44376, '20250703151724989517', '0278ad09213e46c491e1efc549b12c0a', '1dd46ba84e764409930cdd9ff75a4a84', 'd28a3fcb2e7c461cb483222be426f433', 1, '产品服务协议-测试', None, '5VFbtjRSP9c7CZnanI3IRNPGIqL3XO9ADgf2Ad7asTUreGnYBhwAgnkloVapaTyIaUUpt0pFXRvujmErR8ihh$$$$YWPmc3f7L9YLokTdrVKqHVa5SuqHJsIwQwXlPxjDlNjXtbShg4YIvwCK89bG0Nm4Vd3q8@@@@vR7OfwPRCFihxL5cfT3Y$$$$f6qbf3b7zxZ4zVrCoqHLOxxOSlPyxzgsv0DpxMQjc4bFhl7Y5j04oP3ose6JwL0oEIe30rs30XqsDuOu$$$$jp9qUoNkr$$$$cDbZy6rjhDBeEUYw@@@@d6Jl4v0cx0ZuPG9KV4l@@@@lRkCuWW05KtMdxcOaE4MZrcqz8I9q0MnXw8VC1k2cAAkcJKWI86A9KPfZ9msaoA7Ceh3BzaWSLIVUanShbca17j2JCYcJ99GRnNuYBs$$$$8qYrWAURXQCK0OMBssDD0OXVVLNOWhQw@@@@FyN8BC@@@@h0QyHlN7SvucvkyRf@@@@tQwS78@@@@$$$$j1bD7gI@@@@3fETchB0pFq7C2liQKAVnDJk5T67uRoyf7jQ9@@@@aIXt4OdZQl9@@@@sxGcudoSvzhYhPn1TJ7GRuy5brbnum9LMHuE3Xneie38ZTWbU2PB8wuy4tD8ew6cmjGe2HvbsgnbmNjZZm61Rg4gjdEbkfdp3bcG98VVq7y', None, '2025-07-03 15:18:16', 'YSTG10A25070300010', None, None, 0, '', datetime.datetime(2025, 7, 3, 15, 18, 21), datetime.datetime(2025, 7, 3, 15, 18, 21)),)

[2025-07-04 09:33:19,323] [database.py] [line:144] [INFO] # 风险测评id：41538
[2025-07-04 09:33:19,360] [database.py] [line:157] [INFO] # 退款id：1226
[2025-07-04 09:33:19,690] [database.py] [line:241] [INFO] # app `stock-rubik-cube`.contract_new数据列表：
((219560, '20250703151724989517', 3338203510512787459, 'YSTG10A25070300010', 0, 'service', 0, datetime.date(2025, 7, 3), '1dd46ba84e764409930cdd9ff75a4a84', '0278ad09213e46c491e1efc549b12c0a', 'AAAAAAq8uroAAAAAAAgqzwAeTM3kr+KMUJTbKAK86gEF9aZl5m5tFBzKf442FwzUh+JGLXt95QqAsEwki8WWTdrNRcWwJfYMlDV1haCzhmAucmyctQwZ6Z3s7+H7AqHxGkLTRbzVwY5VHssXgWKSkxqsNTPJdnn0uJiTZGV2AUbku6ZrVdnbxVcjfafsLO9Vw0v6fcaOIiJRyCAFDt+jxIWVejDiEE5MbCG/wjyZ8A+KPLA3cDBX14TVAkmdr34eP9xLW4KUPqzXG93V0EizQDdvEZjwAo35MzvY1euGiGYDgttGPxpuSRlTDV79BGRAhJ+BGliS19lKHwk/RK6aB5s1KH0hN6e24UZ1aa1DEue5oNUuQeks2vmsytpK7HFRkT2mIm9InkSFCatc0mokvmtDAUWWX0r69KPvQO+oxL8/nNB+wSr74FIhYlz1QRbNPmzdM/vbmGu7ZIlwDAihe7mJSeE1UkJEgOIaGLKfZwMJeT7uu3VpqsZ4scO7VupFVIDE6mIK8EO1I5bFgVVyENRMGTg0WoIXSCwS0QX5Spfm0YIiTmQDhul4evs2mHgmuD1+UUXny+ot/tv9PE/SdN9syGE3r+G7ZW56NAOOcsAqjBJkAANlrZICKGV1acUr+MDmxygtYIbPkuTQ+B99pm9DgGUJNOzekw==', '', datetime.datetime(2025, 7, 3, 15, 18, 16), datetime.datetime(2025, 7, 3, 15, 17, 29), datetime.datetime(2025, 7, 3, 15, 18, 20), 0, '', 2, ''),)

[2025-07-04 09:33:19,690] [database.py] [line:245] [INFO] # app `stock-rubik-cube`.contract_new数据：
(219560, '20250703151724989517', 3338203510512787459, 'YSTG10A25070300010', 0, 'service', 0, datetime.date(2025, 7, 3), '1dd46ba84e764409930cdd9ff75a4a84', '0278ad09213e46c491e1efc549b12c0a', 'AAAAAAq8uroAAAAAAAgqzwAeTM3kr+KMUJTbKAK86gEF9aZl5m5tFBzKf442FwzUh+JGLXt95QqAsEwki8WWTdrNRcWwJfYMlDV1haCzhmAucmyctQwZ6Z3s7+H7AqHxGkLTRbzVwY5VHssXgWKSkxqsNTPJdnn0uJiTZGV2AUbku6ZrVdnbxVcjfafsLO9Vw0v6fcaOIiJRyCAFDt+jxIWVejDiEE5MbCG/wjyZ8A+KPLA3cDBX14TVAkmdr34eP9xLW4KUPqzXG93V0EizQDdvEZjwAo35MzvY1euGiGYDgttGPxpuSRlTDV79BGRAhJ+BGliS19lKHwk/RK6aB5s1KH0hN6e24UZ1aa1DEue5oNUuQeks2vmsytpK7HFRkT2mIm9InkSFCatc0mokvmtDAUWWX0r69KPvQO+oxL8/nNB+wSr74FIhYlz1QRbNPmzdM/vbmGu7ZIlwDAihe7mJSeE1UkJEgOIaGLKfZwMJeT7uu3VpqsZ4scO7VupFVIDE6mIK8EO1I5bFgVVyENRMGTg0WoIXSCwS0QX5Spfm0YIiTmQDhul4evs2mHgmuD1+UUXny+ot/tv9PE/SdN9syGE3r+G7ZW56NAOOcsAqjBJkAANlrZICKGV1acUr+MDmxygtYIbPkuTQ+B99pm9DgGUJNOzekw==', '', datetime.datetime(2025, 7, 3, 15, 18, 16), datetime.datetime(2025, 7, 3, 15, 17, 29), datetime.datetime(2025, 7, 3, 15, 18, 20), 0, '', 2, '')

[2025-07-04 09:33:19,704] [database.py] [line:252] [INFO] # app `stock-rubik-cube`.`order`数据列表：
((3338203510512787459,),)

[2025-07-04 09:33:19,704] [database.py] [line:259] [INFO] # app用户id：3338203510512787459

[2025-07-04 09:33:19,746] [database.py] [line:287] [INFO] # app `stock-rubik-cube`.user_order_product数据列表：
()

[2025-07-04 09:33:19,761] [database.py] [line:85] [INFO] # 
退款订单号：20250703152441792633
[2025-07-04 09:33:19,778] [database.py] [line:97] [INFO] # 退款订单unionid：o1ELc6LrAZOqCjYiOZur5A-sVzYc，kill_order：
[2025-07-04 09:33:19,797] [database.py] [line:107] [INFO] # v2_work_crm_order_main 数据列表：
((49388, '20250703152441792633', 10170, 7, 7, 1, 1, '1751527625', '4200002754202507036311038003', 'o1ELc6LrAZOqCjYiOZur5A-sVzYc', '赵楠', 'H4qNWOvOwe$$$$A$$$$rqaPhQyIw==', None, None, 365, 0, None, None, None, None, 0, datetime.datetime(2025, 7, 3, 15, 24, 41), datetime.datetime(2025, 7, 3, 15, 24, 41)),)

[2025-07-04 09:33:19,816] [database.py] [line:114] [INFO] # v2_work_crm_order_main_son 数据列表：
((14955, '20250703152441792633', 'SOD20250703152600182959', 4, 1, 6, '1751527574', '100104160431000532507030002161', None, '100104160431000512507030002067', '20250703152759241962', datetime.datetime(2025, 7, 3, 15, 28, 1), None, None, None, None, None, None, '100104160431', '1001041604310201', datetime.datetime(2025, 7, 3, 15, 26)), (14956, '20250703152441792633', 'SOD20250703152634247102', 2, 1, 6, '1751527607', '100104160432000532507030001011', None, '100104160432000522507030003175', '20250703152804752752', datetime.datetime(2025, 7, 3, 15, 28, 6), None, None, None, None, None, None, '100104160432', '1001041604320201', datetime.datetime(2025, 7, 3, 15, 26, 34)), (14957, '20250703152441792633', 'SOD20250703152657489113', 1, 1, 1, '1751527625', '4200002754202507036311038003', None, '50300304082025070306422796426', '20250703152811743159', datetime.datetime(2025, 7, 3, 15, 28, 12), None, None, None, None, None, None, None, None, datetime.datetime(2025, 7, 3, 15, 26, 57)))

[2025-07-04 09:33:19,835] [database.py] [line:121] [INFO] # v2_work_crm_order_main_status 数据列表：
((49547, '20250703152441792633', 1, 1, 2, 4, datetime.datetime(2025, 7, 3, 15, 27, 48), 1, 0, 889009, 889009, 'wwec9bda2817108582', '百灵智投', 'cheng', 'cheng', 1, 2, 1, '趋势智投', 7, 'qszt-4-2', '这是趋势智投-四合一的描述', 365, 11, 0, '20250702135506366979', '', 0, 0, 'o1ELc6LrAZOqCjYiOZur5A-sVzYc', 7, 7, '1751527625', 1, 0, '', '', 0, datetime.datetime(2025, 7, 3, 15, 24, 41), None, None, 0, '888996', None, None, None, '889009', None, None, None, '889003,889013,889017', None, None, None),)

[2025-07-04 09:33:19,856] [database.py] [line:127] [INFO] # v2_work_crm_hegui 数据列表：
((1091, '20250703152441792633', 'o1ELc6LrAZOqCjYiOZur5A-sVzYc', 4, 101371, '1', 0, 0, 0, None, None, 1, None, None, None, None, -1, 0, '', 1, datetime.datetime(2025, 7, 3, 15, 25, 46), datetime.datetime(2025, 7, 3, 15, 27, 48)),)

[2025-07-04 09:33:19,873] [database.py] [line:133] [INFO] # v2_work_crm_order_contract 数据列表：
((44377, '20250703152441792633', 'b870427a165848abaf645fb0a1037903', 'e1f54409db254be88d9d38667fe48cf5', 'd28a3fcb2e7c461cb483222be426f433', 1, '产品服务协议-测试', None, '5VFbtjRSP9c7CZnanI3IRNPGIqL3XO9ADgf2Ad7asTUreGnYBhwAgpbUER@@@@@@@@kdZzilEb@@@@jcvlcgZEgTufTS8M9pNnMtGEV$$$$4QDvngwpMyfJqUF6q452osIz9ow7IFp7YjXtbShg4YIvwCK89bG0Nm4Vd3q8@@@@vR7OfwPRCFihxL5cfT3Y$$$$f6qbf3b7zxZ4zVrCoqHLOxxOSlPyxzgsv0DpxMQjc4bFhl7Y5j04oP3ose6JwL0oEIe30rs30XqsDuOu$$$$jp9qUoNkr$$$$cDbZy6rjhDBeEUYw@@@@d6Jl4v0cx0ZuPG9KV4l@@@@lRkCuWW05KtMdxcOaE4MZrcqz8I9q0MnXw8VC1k2cAAkcJKWI86A9KPfZ9msaoA7Ceh3BzaWSLIVUanShbca17j2JCYcJ99GRnNuYBs$$$$8qYrWAURXQCK0OMBssDD0OXVVLNOWhQw@@@@FyN8BC@@@@h0QyHlN7SvucvkyRf@@@@tQwS78@@@@$$$$j1bD7gI@@@@3fETchB0pFq7C2liQKAVnDJk5T67uRoyf7jQ9@@@@aIXt4OdZQl9@@@@rbMB7Ff@@@@Vvijytgu7aUk01Pa0B@@@@rnCgK2Ha9g@@@@I9kG4JaOi48NKO2elBODi$$$$ZmuiopVCE2VHPAqnNnvJ7co7ZfD3SodvKg$$$$bQ==', None, '2025-07-03 15:25:42', 'YSTG10A25070300011', None, None, 0, '', datetime.datetime(2025, 7, 3, 15, 25, 46), datetime.datetime(2025, 7, 3, 15, 25, 46)),)

[2025-07-04 09:33:19,892] [database.py] [line:144] [INFO] # 风险测评id：41539
[2025-07-04 09:33:19,929] [database.py] [line:157] [INFO] # 退款id：1227
[2025-07-04 09:33:20,263] [database.py] [line:241] [INFO] # app `stock-rubik-cube`.contract_new数据列表：
((219561, '20250703152441792633', 3338203510512787459, 'YSTG10A25070300011', 0, 'service', 0, datetime.date(2025, 7, 3), 'e1f54409db254be88d9d38667fe48cf5', 'b870427a165848abaf645fb0a1037903', 'AAAAAAq8uroAAAAAAAgq0FJgyhwcxWFfKLyeqmgRmSYjwUfz+zQJiJi2ByPRw2s5FbFKYDmkNUdUP36ph2ibL/kzYekEmhv0e1Cr+6Au7jQ4ddISlwUaqW0hf2zpwstQJKbirUPhWIBeytKjHiTE6avo1b3pNpI725heyaWnQGPrkzbbtz7S0faHRrxop1VVvQ/URe1ZMNcnPRBd5Ux1biSvdHsX3S05ZVBDXW3A2yxOvHexfmircQvtli/wYgRQppat4E3qWuhaFA88tTepyklLM0jQFXgEgkKf5jyrxIU8f73A8pY8krRF+xNjluljvCbw+5KAZuAxqO2UbBG9HbvrQqtXmy96Wkz2igvYp7Ec/3LDLKjGPwFYCY0nYPU7S/aKHowUX/T/q5trr0NWgz2W/TVnxiRt46nORMWJmDlFImn/n0ILEq/3SMLcXw6A/zhyMKaFEm/IlzlpK1S1lMlkcm3XOzn7KpSfYerg3nRJaRlC3KSd58NQOq2aJE19WnRqCUfo66RxnVH6SBN/rjtyNTV6C84fqk7KBYNLCrzG2JR5WZd4knOOslzRIuvufblKK/+Pqy3ngfMQgNl0mPLPrfwow+G0ADdfQ3T4qi+zXQPIZavY3U7hnHsuR2VGdYyq9sX/17X0Pe41L7mWNw1Q8EUt', '', datetime.datetime(2025, 7, 3, 15, 25, 42), datetime.datetime(2025, 7, 3, 15, 24, 45), datetime.datetime(2025, 7, 3, 15, 25, 45), 0, '', 2, ''),)

[2025-07-04 09:33:20,263] [database.py] [line:245] [INFO] # app `stock-rubik-cube`.contract_new数据：
(219561, '20250703152441792633', 3338203510512787459, 'YSTG10A25070300011', 0, 'service', 0, datetime.date(2025, 7, 3), 'e1f54409db254be88d9d38667fe48cf5', 'b870427a165848abaf645fb0a1037903', 'AAAAAAq8uroAAAAAAAgq0FJgyhwcxWFfKLyeqmgRmSYjwUfz+zQJiJi2ByPRw2s5FbFKYDmkNUdUP36ph2ibL/kzYekEmhv0e1Cr+6Au7jQ4ddISlwUaqW0hf2zpwstQJKbirUPhWIBeytKjHiTE6avo1b3pNpI725heyaWnQGPrkzbbtz7S0faHRrxop1VVvQ/URe1ZMNcnPRBd5Ux1biSvdHsX3S05ZVBDXW3A2yxOvHexfmircQvtli/wYgRQppat4E3qWuhaFA88tTepyklLM0jQFXgEgkKf5jyrxIU8f73A8pY8krRF+xNjluljvCbw+5KAZuAxqO2UbBG9HbvrQqtXmy96Wkz2igvYp7Ec/3LDLKjGPwFYCY0nYPU7S/aKHowUX/T/q5trr0NWgz2W/TVnxiRt46nORMWJmDlFImn/n0ILEq/3SMLcXw6A/zhyMKaFEm/IlzlpK1S1lMlkcm3XOzn7KpSfYerg3nRJaRlC3KSd58NQOq2aJE19WnRqCUfo66RxnVH6SBN/rjtyNTV6C84fqk7KBYNLCrzG2JR5WZd4knOOslzRIuvufblKK/+Pqy3ngfMQgNl0mPLPrfwow+G0ADdfQ3T4qi+zXQPIZavY3U7hnHsuR2VGdYyq9sX/17X0Pe41L7mWNw1Q8EUt', '', datetime.datetime(2025, 7, 3, 15, 25, 42), datetime.datetime(2025, 7, 3, 15, 24, 45), datetime.datetime(2025, 7, 3, 15, 25, 45), 0, '', 2, '')

[2025-07-04 09:33:20,277] [database.py] [line:252] [INFO] # app `stock-rubik-cube`.`order`数据列表：
((3338203510512787459,),)

[2025-07-04 09:33:20,277] [database.py] [line:259] [INFO] # app用户id：3338203510512787459

[2025-07-04 09:33:20,321] [database.py] [line:287] [INFO] # app `stock-rubik-cube`.user_order_product数据列表：
()

[2025-07-04 09:33:20,337] [database.py] [line:85] [INFO] # 
退款订单号：20250703153030428877
[2025-07-04 09:33:20,354] [database.py] [line:97] [INFO] # 退款订单unionid：o1ELc6LrAZOqCjYiOZur5A-sVzYc，kill_order：
[2025-07-04 09:33:20,373] [database.py] [line:107] [INFO] # v2_work_crm_order_main 数据列表：
((49389, '20250703153030428877', 10176, 7, 7, 1, 6, '1751527966', '100104160432000512507030000017', 'o1ELc6LrAZOqCjYiOZur5A-sVzYc', '赵楠', 'H4qNWOvOwe$$$$A$$$$rqaPhQyIw==', None, None, 365, 0, None, None, None, None, 0, datetime.datetime(2025, 7, 3, 15, 30, 30), datetime.datetime(2025, 7, 3, 15, 30, 30)),)

[2025-07-04 09:33:20,391] [database.py] [line:114] [INFO] # v2_work_crm_order_main_son 数据列表：
((14958, '20250703153030428877', 'SOD20250703153142813635', 3, 1, 6, '1751527908', '100104160432000512507030001056', None, '100104160432000532507030005117', '20250703153614969923', datetime.datetime(2025, 7, 3, 15, 36, 16), None, None, None, None, None, None, '100104160432', '1001041604320201', datetime.datetime(2025, 7, 3, 15, 31, 42)), (14959, '20250703153030428877', 'SOD20250703153219499597', 2, 1, 6, '1751527946', '100104160432000572507030002130', None, '100104160432000532507030002012', '20250703153621797789', datetime.datetime(2025, 7, 3, 15, 36, 23), None, None, None, None, None, None, '100104160432', '1001041604320201', datetime.datetime(2025, 7, 3, 15, 32, 19)), (14960, '20250703153030428877', 'SOD20250703153235220201', 2, 1, 6, '1751527966', '100104160432000512507030000017', None, '100104160432000572507030003136', '20250703153626339673', datetime.datetime(2025, 7, 3, 15, 36, 28), None, None, None, None, None, None, '100104160432', '1001041604320201', datetime.datetime(2025, 7, 3, 15, 32, 35)))

[2025-07-04 09:33:20,410] [database.py] [line:121] [INFO] # v2_work_crm_order_main_status 数据列表：
((49548, '20250703153030428877', 1, 1, 2, 4, datetime.datetime(2025, 7, 3, 15, 36, 2), 1, 0, 889017, 889017, 'wwec9bda2817108582', '百灵智投', 'ZhaoNan', 'ZhaoNan', 1, 2, 1, '趋势智投', 7, 'qszt-4-2', '这是趋势智投-四合一的描述', 365, 11, 0, '20250702135506366979', '', 0, 0, 'o1ELc6LrAZOqCjYiOZur5A-sVzYc', 7, 7, '1751527966', 1, 0, '', '', 0, datetime.datetime(2025, 7, 3, 15, 30, 30), None, None, 0, '888996', None, None, None, '889009', None, None, None, '889003,889013,889017', None, None, None),)

[2025-07-04 09:33:20,428] [database.py] [line:127] [INFO] # v2_work_crm_hegui 数据列表：
((1092, '20250703153030428877', 'o1ELc6LrAZOqCjYiOZur5A-sVzYc', 4, 101371, '1', 0, 0, 0, None, None, 1, None, None, None, None, -1, 0, '', 1, datetime.datetime(2025, 7, 3, 15, 31, 31), datetime.datetime(2025, 7, 3, 15, 36, 2)),)

[2025-07-04 09:33:20,447] [database.py] [line:133] [INFO] # v2_work_crm_order_contract 数据列表：
((44378, '20250703153030428877', 'e5d718eb02de4011ba3920fd446056d6', 'd2c0e9a4c8fc4b57973683a1591639f7', 'd28a3fcb2e7c461cb483222be426f433', 1, '产品服务协议-测试', None, '5VFbtjRSP9c7CZnanI3IRNPGIqL3XO9ADgf2Ad7asTUreGnYBhwAgsQgxTVwP7kxn$$$$ShRNLi4UOb2Khz$$$$rbmt90iMXXrPkWW4WnsGbjRkTow18YBklqF9xEnL@@@@IrIfjUjXtbShg4YIvwCK89bG0Nm4Vd3q8@@@@vR7OfwPRCFihxL5cfT3Y$$$$f6qbf3b7zxZ4zVrCoqHLOxxOSlPyxzgsv0DpxMQjc4bFhl7Y5j04oP3ose6JwL0oEIe30rs30XqsDuOu$$$$jp9qUoNkr$$$$cDbZy6rjhDBeEUYw@@@@d6Jl4v0cx0ZuPG9KV4l@@@@lRkCuWW05KtMdxcOaE4MZrcqz8I9q0MnXw8VC1k2cAAkcJKWI86A9KPfZ9msaoA7Ceh3BzaWSLIVUanShbca17j2JCYcJ99GRnNuYBs$$$$8qYrWAURXQCK0OMBssDD0OXVVLNOWhQw@@@@FyN8BC@@@@h0QyHlN7SvucvkyRf@@@@tQwS78@@@@$$$$j1bD7gI@@@@3fETchB0pFq7C2liQKAVnDJk5T67uRoyf7jQ9@@@@aIXt4OdZQl9@@@@nCJ7WwPz8t7FDDBzCtcCFIUH2V0gLMM4J0z7PY0HdzWsQy4i@@@@@@@@TsXfAAwIC0MKNK4zyFddtAoWPUV3arbhIlt2WtKpmCd8fru0VapGcPt@@@@x', None, '2025-07-03 15:31:27', 'YSTG10A25070300012', None, None, 0, '', datetime.datetime(2025, 7, 3, 15, 31, 31), datetime.datetime(2025, 7, 3, 15, 31, 31)),)

[2025-07-04 09:33:20,465] [database.py] [line:144] [INFO] # 风险测评id：41540
[2025-07-04 09:33:20,501] [database.py] [line:157] [INFO] # 退款id：1228
[2025-07-04 09:33:20,832] [database.py] [line:241] [INFO] # app `stock-rubik-cube`.contract_new数据列表：
((219562, '20250703153030428877', 3338203510512787459, 'YSTG10A25070300012', 0, 'service', 0, datetime.date(2025, 7, 3), 'd2c0e9a4c8fc4b57973683a1591639f7', 'e5d718eb02de4011ba3920fd446056d6', 'AAAAAAq8uroAAAAAAAgq0aWTt1aWuTR45RGdhRYum8RlvPkAjlYoCAmCkP6JXHidoyMQWT0uLXnNJFCgeYgEjzwng1mP2ZtnBkw9V4tZDLlibLvg13IzgM8YFS6Og+wdlP7Os57q1LLRUuhirSM640NNE4CCAt17XQA6FeLSbE234Q04UkZJ7KimoG98auEUJuBI4HRSLBCZaN9lsUzMp60R4/BTtHxQ9eUlXUZjpqbJDl0P5Vk+ly796fuQacWDodSLTgQqiKNuCR29dh1sb3dLpaz/24CVlMnQqj3g8AKqkcvcdO5vNcqTt5W3T/a70G5KBm+kRxiv3vtTtbfDE0MfQ2TTEINWRinx30LD6w1OAgd9bxuMyRU6kexDSBdQodPc9semhd4tcTQNDi+JBmZUJbddxq4Gr7KI2InSnYghZkGYCZVOWzB8GDzWQWKscBvqoQ+La76kNhtprT/Teu4JOYYEja8818mHFc50yfOnxUrStal9DPZ1Y2/+3FOxYKYf1s8t+nseI9GUZkyn0+66HPOHB7UoBIwM9te1sTLzS34N+oB4mejAOBGHRa3T0zduJEwansqt/VaZ2EgiaOeM6aqbGkg7TdfP4tqH9F/LDSPCTVm2owr6Bn03GJUzo20OG3vcsl4Qy7HcaU33kx0nnYDGMZ/tKQ==', '', datetime.datetime(2025, 7, 3, 15, 31, 27), datetime.datetime(2025, 7, 3, 15, 30, 34), datetime.datetime(2025, 7, 3, 15, 31, 30), 0, '', 2, ''),)

[2025-07-04 09:33:20,832] [database.py] [line:245] [INFO] # app `stock-rubik-cube`.contract_new数据：
(219562, '20250703153030428877', 3338203510512787459, 'YSTG10A25070300012', 0, 'service', 0, datetime.date(2025, 7, 3), 'd2c0e9a4c8fc4b57973683a1591639f7', 'e5d718eb02de4011ba3920fd446056d6', 'AAAAAAq8uroAAAAAAAgq0aWTt1aWuTR45RGdhRYum8RlvPkAjlYoCAmCkP6JXHidoyMQWT0uLXnNJFCgeYgEjzwng1mP2ZtnBkw9V4tZDLlibLvg13IzgM8YFS6Og+wdlP7Os57q1LLRUuhirSM640NNE4CCAt17XQA6FeLSbE234Q04UkZJ7KimoG98auEUJuBI4HRSLBCZaN9lsUzMp60R4/BTtHxQ9eUlXUZjpqbJDl0P5Vk+ly796fuQacWDodSLTgQqiKNuCR29dh1sb3dLpaz/24CVlMnQqj3g8AKqkcvcdO5vNcqTt5W3T/a70G5KBm+kRxiv3vtTtbfDE0MfQ2TTEINWRinx30LD6w1OAgd9bxuMyRU6kexDSBdQodPc9semhd4tcTQNDi+JBmZUJbddxq4Gr7KI2InSnYghZkGYCZVOWzB8GDzWQWKscBvqoQ+La76kNhtprT/Teu4JOYYEja8818mHFc50yfOnxUrStal9DPZ1Y2/+3FOxYKYf1s8t+nseI9GUZkyn0+66HPOHB7UoBIwM9te1sTLzS34N+oB4mejAOBGHRa3T0zduJEwansqt/VaZ2EgiaOeM6aqbGkg7TdfP4tqH9F/LDSPCTVm2owr6Bn03GJUzo20OG3vcsl4Qy7HcaU33kx0nnYDGMZ/tKQ==', '', datetime.datetime(2025, 7, 3, 15, 31, 27), datetime.datetime(2025, 7, 3, 15, 30, 34), datetime.datetime(2025, 7, 3, 15, 31, 30), 0, '', 2, '')

[2025-07-04 09:33:20,846] [database.py] [line:252] [INFO] # app `stock-rubik-cube`.`order`数据列表：
((3338203510512787459,),)

[2025-07-04 09:33:20,846] [database.py] [line:259] [INFO] # app用户id：3338203510512787459

[2025-07-04 09:33:20,887] [database.py] [line:287] [INFO] # app `stock-rubik-cube`.user_order_product数据列表：
()

[2025-07-04 09:33:20,902] [database.py] [line:85] [INFO] # 
退款订单号：20250703170811577799
[2025-07-04 09:33:20,921] [database.py] [line:97] [INFO] # 退款订单unionid：o1ELc6LrAZOqCjYiOZur5A-sVzYc，kill_order：
[2025-07-04 09:33:20,940] [database.py] [line:107] [INFO] # v2_work_crm_order_main 数据列表：
((49391, '20250703170811577799', 10170, 7, 7, 1, 1, '1751533918', '4200002752202507033380694779', 'o1ELc6LrAZOqCjYiOZur5A-sVzYc', '赵楠', 'H4qNWOvOwe$$$$A$$$$rqaPhQyIw==', None, None, 365, 0, None, None, None, None, 0, datetime.datetime(2025, 7, 3, 17, 8, 11), datetime.datetime(2025, 7, 3, 17, 8, 11)),)

[2025-07-04 09:33:20,957] [database.py] [line:114] [INFO] # v2_work_crm_order_main_son 数据列表：
((14967, '20250703170811577799', 'SOD20250703171039509771', 4, 1, 6, '1751533857', '100104160431000572507030007271', None, '100104160431000512507030000008', '20250703171405466880', datetime.datetime(2025, 7, 3, 17, 14, 7), None, None, None, None, None, None, '100104160431', '1001041604310201', datetime.datetime(2025, 7, 3, 17, 10, 39)), (14968, '20250703170811577799', 'SOD20250703171121253061', 2, 1, 6, '1751533894', '100104160432000532507030002013', None, '100104160432000532507030005118', '20250703171411056651', datetime.datetime(2025, 7, 3, 17, 14, 13), None, None, None, None, None, None, '100104160432', '1001041604320201', datetime.datetime(2025, 7, 3, 17, 11, 21)), (14969, '20250703170811577799', 'SOD20250703171149809040', 1, 1, 1, '1751533918', '4200002752202507033380694779', None, '50301903892025070320982859272', '20250703171415820438', datetime.datetime(2025, 7, 3, 17, 14, 16), None, None, None, None, None, None, None, None, datetime.datetime(2025, 7, 3, 17, 11, 49)))

[2025-07-04 09:33:20,977] [database.py] [line:121] [INFO] # v2_work_crm_order_main_status 数据列表：
((49550, '20250703170811577799', 1, 1, 2, 4, datetime.datetime(2025, 7, 3, 17, 13, 57), 1, 0, 889009, 889009, 'wwec9bda2817108582', '百灵智投', 'cheng', 'cheng', 1, 2, 1, '趋势智投', 7, 'qszt-4-2', '这是趋势智投-四合一的描述', 365, 11, 0, '20250702135506366979', '', 0, 0, 'o1ELc6LrAZOqCjYiOZur5A-sVzYc', 7, 7, '1751533918', 1, 0, '', '', 0, datetime.datetime(2025, 7, 3, 17, 8, 11), None, None, 0, '888996', None, None, None, '889009', None, None, None, '889003,889013,889017', None, None, None),)

[2025-07-04 09:33:20,996] [database.py] [line:127] [INFO] # v2_work_crm_hegui 数据列表：
((1095, '20250703170811577799', 'o1ELc6LrAZOqCjYiOZur5A-sVzYc', 4, 101371, '1', 0, 0, 0, None, None, 1, None, None, None, None, -1, 0, '', 1, datetime.datetime(2025, 7, 3, 17, 9, 57), datetime.datetime(2025, 7, 3, 17, 13, 57)),)

[2025-07-04 09:33:21,014] [database.py] [line:133] [INFO] # v2_work_crm_order_contract 数据列表：
((44381, '20250703170811577799', '6171550503874e03bddaaa98f6729636', '72bacb2d0f8244c2a0e4a2b13806bc73', 'd28a3fcb2e7c461cb483222be426f433', 1, '产品服务协议-测试', None, '5VFbtjRSP9c7CZnanI3IRNPGIqL3XO9ADgf2Ad7asTUreGnYBhwAgotTa9ZC9znJyeWcskXzvKfGIkRhPXi9yliY8rWdPXjkUxKQX6SrxtqrXyQFWNCqhi1aoL4K@@@@iEZjXtbShg4YIvwCK89bG0Nm4Vd3q8@@@@vR7OfwPRCFihxL5cfT3Y$$$$f6qbf3b7zxZ4zVrCoqHLOxxOSlPyxzgsv0DpxMQjc4bFhl7Y5j04oP3ose6JwL0oEIe30rs30XqsDuOu$$$$jp9qUoNkr$$$$cDbZy6rjhDBeEUYw@@@@d6Jl4v0cx0ZuPG9KV4l@@@@lRkCuWW05KtMdxcOaE4MZrcqz8I9q0MnXw8VC1k2cAAkcJKWI86A9KPfZ9msaoA7Ceh3BzaWSLIVUanShbca17j2JCYcJ99GRnNuYBs$$$$8qYrWAURXQCK0OMBssDD0OXVVLNOWhQw@@@@FyN8BC@@@@h0QyHlN7SvucvkyRf@@@@tQwS78@@@@$$$$j1bD7gI@@@@3fETchB0pFq7C2liQKAVnDJk5T67uRoyf7jQ9@@@@aIXt4OdZQl9@@@@pjh2WGhVJkaGp6dKfxFXb8d0KrlwM$$$$lYMsZCmstZ6lyRa1v@@@@c3LM6KBcaPq8@@@@mTrGE7ztHRxLpWlT0qEi$$$$u7wed9GOU4s3Skg==', None, '2025-07-03 17:09:54', 'YSTG10A25070300015', None, None, 0, '', datetime.datetime(2025, 7, 3, 17, 9, 57), datetime.datetime(2025, 7, 3, 17, 9, 57)),)

[2025-07-04 09:33:21,032] [database.py] [line:144] [INFO] # 风险测评id：41543
[2025-07-04 09:33:21,069] [database.py] [line:157] [INFO] # 退款id：1230
[2025-07-04 09:33:21,449] [database.py] [line:241] [INFO] # app `stock-rubik-cube`.contract_new数据列表：
((219565, '20250703170811577799', 3338203510512787459, 'YSTG10A25070300015', 0, 'service', 0, datetime.date(2025, 7, 3), '72bacb2d0f8244c2a0e4a2b13806bc73', '6171550503874e03bddaaa98f6729636', 'AAAAAAq8uroAAAAAAAgq1LQUzeB7fOY/eBDLqZk7R23hxNiM81uinGHjU/MGM/IGohCDk24dAv43xkZvTFMRb6lMvAR9zIaoedtQtZ4CfVzpIVWZpae3aKZZw6khHLfmxJPZMESngqS2ldQJ5rV0QTpKOS8up+RgIAmIcDINHOKOh5At3xfpVMsUeiViw+4hB4BzcWPNDA5MTiY+yLtqS2V2CE6/T2REhtftHHU1SW7qh6J5zrjsWYGfK2jc0w0QYoqXleiWpBlM0pAu1Yr84MGgVjBbelV70rEEGlt8rCGLUujpWkdKd3lOTkplWitukrzvdDw05HqRgqDDY8qx6bjEZAhFIXeP0P34JBYx2FjOsQ+BCEZcojTj5/85dw9SwSkxLfjMLRQFuWIHIzddEt1OLbp9/r2QDJI9iS2enioaMfsyUQMVYTaqN/GMZvbn9Q1gFRUhWdeIFJycBsWSdMHmpT9uEzrSfzQRNdFt9UbR25hZxB5UnUD2S0qauEUGF92icVTO+1/Ec/CGDzfPAq9urPjH4Q58hcnDL85qGa37y0aLFDHSQ2m6M/yXjLydUuMQLpxy2yTg4e/VfFP0/DVoVbtZfFhb4nUYobSgbdPRdRzNS3c6vY2eHSBwgSL2coVUH8+7mFmIndsqQGcvmWQgfdvH', '', datetime.datetime(2025, 7, 3, 17, 9, 54), datetime.datetime(2025, 7, 3, 17, 8, 15), datetime.datetime(2025, 7, 3, 17, 9, 56), 0, '', 2, ''),)

[2025-07-04 09:33:21,449] [database.py] [line:245] [INFO] # app `stock-rubik-cube`.contract_new数据：
(219565, '20250703170811577799', 3338203510512787459, 'YSTG10A25070300015', 0, 'service', 0, datetime.date(2025, 7, 3), '72bacb2d0f8244c2a0e4a2b13806bc73', '6171550503874e03bddaaa98f6729636', 'AAAAAAq8uroAAAAAAAgq1LQUzeB7fOY/eBDLqZk7R23hxNiM81uinGHjU/MGM/IGohCDk24dAv43xkZvTFMRb6lMvAR9zIaoedtQtZ4CfVzpIVWZpae3aKZZw6khHLfmxJPZMESngqS2ldQJ5rV0QTpKOS8up+RgIAmIcDINHOKOh5At3xfpVMsUeiViw+4hB4BzcWPNDA5MTiY+yLtqS2V2CE6/T2REhtftHHU1SW7qh6J5zrjsWYGfK2jc0w0QYoqXleiWpBlM0pAu1Yr84MGgVjBbelV70rEEGlt8rCGLUujpWkdKd3lOTkplWitukrzvdDw05HqRgqDDY8qx6bjEZAhFIXeP0P34JBYx2FjOsQ+BCEZcojTj5/85dw9SwSkxLfjMLRQFuWIHIzddEt1OLbp9/r2QDJI9iS2enioaMfsyUQMVYTaqN/GMZvbn9Q1gFRUhWdeIFJycBsWSdMHmpT9uEzrSfzQRNdFt9UbR25hZxB5UnUD2S0qauEUGF92icVTO+1/Ec/CGDzfPAq9urPjH4Q58hcnDL85qGa37y0aLFDHSQ2m6M/yXjLydUuMQLpxy2yTg4e/VfFP0/DVoVbtZfFhb4nUYobSgbdPRdRzNS3c6vY2eHSBwgSL2coVUH8+7mFmIndsqQGcvmWQgfdvH', '', datetime.datetime(2025, 7, 3, 17, 9, 54), datetime.datetime(2025, 7, 3, 17, 8, 15), datetime.datetime(2025, 7, 3, 17, 9, 56), 0, '', 2, '')

[2025-07-04 09:33:21,463] [database.py] [line:252] [INFO] # app `stock-rubik-cube`.`order`数据列表：
((3338203510512787459,),)

[2025-07-04 09:33:21,463] [database.py] [line:259] [INFO] # app用户id：3338203510512787459

[2025-07-04 09:33:21,536] [database.py] [line:287] [INFO] # app `stock-rubik-cube`.user_order_product数据列表：
()

[2025-07-04 09:33:21,551] [database.py] [line:85] [INFO] # 
退款订单号：20250703174033649203
[2025-07-04 09:33:21,569] [database.py] [line:97] [INFO] # 退款订单unionid：o1ELc6LrAZOqCjYiOZur5A-sVzYc，kill_order：
[2025-07-04 09:33:21,588] [database.py] [line:107] [INFO] # v2_work_crm_order_main 数据列表：
((49394, '20250703174033649203', 10170, 7, 7, 0, 6, None, '', 'o1ELc6LrAZOqCjYiOZur5A-sVzYc', '赵楠', 'H4qNWOvOwe$$$$A$$$$rqaPhQyIw==', None, None, 365, 0, None, None, None, None, 0, datetime.datetime(2025, 7, 3, 17, 40, 33), datetime.datetime(2025, 7, 3, 17, 40, 33)),)

[2025-07-04 09:33:21,606] [database.py] [line:114] [INFO] # v2_work_crm_order_main_son 数据列表：
((14974, '20250703174033649203', 'SOD20250703174214085929', 4, 1, 6, '1753372801', '100159933048000522507030003088', None, '100159933048000512507030003209', '20250703174705810649', datetime.datetime(2025, 7, 3, 17, 47, 9), None, None, None, None, None, None, '100159933048', '1001599330480201', datetime.datetime(2025, 7, 3, 17, 42, 14)),)

[2025-07-04 09:33:21,625] [database.py] [line:121] [INFO] # v2_work_crm_order_main_status 数据列表：
((49553, '20250703174033649203', 1, 1, 2, 0, None, 1, 4, 889009, 889009, 'wwec9bda2817108582', '百灵智投', 'cheng', 'cheng', 1, 2, 0, '趋势智投', 7, 'qszt-4-2', '这是趋势智投-四合一的描述', 365, 11, 0, '20250702135506366979', '', 0, 0, 'o1ELc6LrAZOqCjYiOZur5A-sVzYc', 7, 7, None, 0, 0, '', '', 0, datetime.datetime(2025, 7, 3, 17, 40, 33), None, None, 0, '888996', None, None, None, '889009', None, None, None, '889003,889013,889017', None, None, None),)

[2025-07-04 09:33:21,644] [database.py] [line:127] [INFO] # v2_work_crm_hegui 数据列表：
((1098, '20250703174033649203', 'o1ELc6LrAZOqCjYiOZur5A-sVzYc', 0, 0, '', 0, 0, 0, None, None, 1, None, None, None, None, -1, 0, '', 1, datetime.datetime(2025, 7, 3, 17, 41, 41), datetime.datetime(2025, 7, 3, 17, 41, 41)),)

[2025-07-04 09:33:21,662] [database.py] [line:133] [INFO] # v2_work_crm_order_contract 数据列表：
((44384, '20250703174033649203', '78af3746cbe64a64b54bf7138cd43fe7', 'f28467f9dfc54f058eaa96b305f4f1bf', 'd28a3fcb2e7c461cb483222be426f433', 1, '产品服务协议-测试', None, '5VFbtjRSP9c7CZnanI3IRNPGIqL3XO9ADgf2Ad7asTUreGnYBhwAggWxRt@@@@gpdO@@@@kWeYUvW3OD@@@@d3YKjjX101YbsrusIlN$$$$jQT8eJNuK$$$$mCo3oQxyJKgGsl$$$$zk325B6rjXtbShg4YIvwCK89bG0Nm4Vd3q8@@@@vR7OfwPRCFihxL5cfT3Y$$$$f6qbf3b7zxZ4zVrCoqHLOxxOSlPyxzgsv0DpxMQjc4bFhl7Y5j04oP3ose6JwL0oEIe30rs30XqsDuOu$$$$jp9qUoNkr$$$$cDbZy6rjhDBeEUYw@@@@d6Jl4v0cx0ZuPG9KV4l@@@@lRkCuWW05KtMdxcOaE4MZrcqz8I9q0MnXw8VC1k2cAAkcJKWI86A9KPfZ9msaoA7Ceh3BzaWSLIVUanShbca17j2JCYcJ99GRnNuYBs$$$$8qYrWAURXQCK0OMBssDD0OXVVLNOWhQw@@@@FyN8BC@@@@h0QyHlN7SvucvkyRf@@@@tQwS78@@@@$$$$j1bD7gI@@@@3fETchB0pFq7C2liQKAVnDJk5T67uRoyf7jQ9@@@@aIXt4OdZQl9@@@@tY6buxt@@@@8HmOpOzEK0tYPB307i6FF3Tw311ZprY3@@@@Pul8w@@@@$$$$A4sxKlKjREpTwX0LppB6w36ByeFZSE1ZLqxj90Sd21gloj6cw==', None, '2025-07-03 17:41:37', 'YSTG10A25070300018', None, None, 0, '', datetime.datetime(2025, 7, 3, 17, 41, 41), datetime.datetime(2025, 7, 3, 17, 41, 41)),)

[2025-07-04 09:33:21,680] [database.py] [line:144] [INFO] # 风险测评id：41546
[2025-07-04 09:33:21,716] [database.py] [line:157] [INFO] # 退款id：1234
[2025-07-04 09:33:22,045] [database.py] [line:241] [INFO] # app `stock-rubik-cube`.contract_new数据列表：
((219568, '20250703174033649203', 3338203510512787459, 'YSTG10A25070300018', 0, 'service', 0, datetime.date(2025, 7, 3), 'f28467f9dfc54f058eaa96b305f4f1bf', '78af3746cbe64a64b54bf7138cd43fe7', 'AAAAAAq8uroAAAAAAAgq115X1v1+wdVESqwRDmCLxi8pw2parXQqJbWHszWDVEExGTjyVkOr19kqxfl478LrDsaeaepD9Cqr7nZ5vglr0hV1DXzmShQSHkH2DRC0E3wWnwSFU43suBussVEqc/QoTM3bo/40PyfAX2+UXfX4GonG0phrNzZBkZjKXiioLdBFf+4HuyjHyh63vJ0H8vV9VxCEf14OnGdF2FjHr6L8TXcUnONHTyOAnphjlIi0x1dxJMT5SJduM7r7SGqC/bgBIXzdhPqYrAyjqSqgmTZKVFk/mGbkS0+0KRNQggkHuCA4m8bKTBpEm0MhRHu8lcFSS7RjsAJvr+vEVz+u1H+fVv2+7JKEfcWNSy7PZToqISc5RNp3VqR8D8320yNnKbeaHIRz0Ap7cbj7MKhYoF9tJDqg2wYLB/f4CD6Dm2k6T7Ff5eBGJMwXFzCc/5SF1nIIsYo9S8Sy/9/CRjejsBLWuwGMnhYZ3qfreOBmG6fNY/CDB+uDNsw4lEglSU5XCvH1BBYotlJjLQ78yJT0oWqDPtx+zLkort96Ku38ZEBHI8lEoGwfpCALeTHzr8LuLZZurWnJWUkod9gyV/h8PJXrMsuUPFiUrx405bQpusshQljWkIhD/jBEAziRZkbl73Ai0DI0NA==', '', datetime.datetime(2025, 7, 3, 17, 41, 37), datetime.datetime(2025, 7, 3, 17, 40, 46), datetime.datetime(2025, 7, 3, 17, 41, 40), 0, '', 2, ''),)

[2025-07-04 09:33:22,046] [database.py] [line:245] [INFO] # app `stock-rubik-cube`.contract_new数据：
(219568, '20250703174033649203', 3338203510512787459, 'YSTG10A25070300018', 0, 'service', 0, datetime.date(2025, 7, 3), 'f28467f9dfc54f058eaa96b305f4f1bf', '78af3746cbe64a64b54bf7138cd43fe7', 'AAAAAAq8uroAAAAAAAgq115X1v1+wdVESqwRDmCLxi8pw2parXQqJbWHszWDVEExGTjyVkOr19kqxfl478LrDsaeaepD9Cqr7nZ5vglr0hV1DXzmShQSHkH2DRC0E3wWnwSFU43suBussVEqc/QoTM3bo/40PyfAX2+UXfX4GonG0phrNzZBkZjKXiioLdBFf+4HuyjHyh63vJ0H8vV9VxCEf14OnGdF2FjHr6L8TXcUnONHTyOAnphjlIi0x1dxJMT5SJduM7r7SGqC/bgBIXzdhPqYrAyjqSqgmTZKVFk/mGbkS0+0KRNQggkHuCA4m8bKTBpEm0MhRHu8lcFSS7RjsAJvr+vEVz+u1H+fVv2+7JKEfcWNSy7PZToqISc5RNp3VqR8D8320yNnKbeaHIRz0Ap7cbj7MKhYoF9tJDqg2wYLB/f4CD6Dm2k6T7Ff5eBGJMwXFzCc/5SF1nIIsYo9S8Sy/9/CRjejsBLWuwGMnhYZ3qfreOBmG6fNY/CDB+uDNsw4lEglSU5XCvH1BBYotlJjLQ78yJT0oWqDPtx+zLkort96Ku38ZEBHI8lEoGwfpCALeTHzr8LuLZZurWnJWUkod9gyV/h8PJXrMsuUPFiUrx405bQpusshQljWkIhD/jBEAziRZkbl73Ai0DI0NA==', '', datetime.datetime(2025, 7, 3, 17, 41, 37), datetime.datetime(2025, 7, 3, 17, 40, 46), datetime.datetime(2025, 7, 3, 17, 41, 40), 0, '', 2, '')

[2025-07-04 09:33:22,059] [database.py] [line:252] [INFO] # app `stock-rubik-cube`.`order`数据列表：
((3338203510512787459,),)

[2025-07-04 09:33:22,059] [database.py] [line:259] [INFO] # app用户id：3338203510512787459

[2025-07-04 09:33:22,104] [database.py] [line:287] [INFO] # app `stock-rubik-cube`.user_order_product数据列表：
()

[2025-07-04 09:33:22,157] [database.py] [line:308] [INFO] # o1ELc6LrAZOqCjYiOZur5A-sVzYc用户到期时间：None
[2025-07-04 09:45:26,675] [log.py] [line:31] [INFO] # ======Start printing logs======
[2025-07-04 09:45:37,178] [database.py] [line:343] [ERROR] # 数据库操作时发生错误: (2003, "Can't connect to MySQL server on 'ysjumpserver.abctougu.com' (timed out)")
[2025-07-04 09:45:37,178] [database.py] [line:344] [ERROR] # Error occurred: (2003, "Can't connect to MySQL server on 'ysjumpserver.abctougu.com' (timed out)")
Traceback (most recent call last):
  File "D:\WorkSpaces\CRM\venv\lib\site-packages\pymysql\connections.py", line 644, in connect
    sock = socket.create_connection(
  File "C:\Users\admin\AppData\Local\Programs\Python\Python38\lib\socket.py", line 808, in create_connection
    raise err
  File "C:\Users\admin\AppData\Local\Programs\Python\Python38\lib\socket.py", line 796, in create_connection
    sock.connect(sa)
socket.timeout: timed out

During handling of the above exception, another exception occurred:

Traceback (most recent call last):
  File "D:\WorkSpaces\CRM\db\database.py", line 44, in database
    db_app = pymysql.connect(host=config_data['mysql']['host'], port=config_data['mysql']['port'], user=config_data['mysql']['user_app'],
  File "D:\WorkSpaces\CRM\venv\lib\site-packages\pymysql\connections.py", line 358, in __init__
    self.connect()
  File "D:\WorkSpaces\CRM\venv\lib\site-packages\pymysql\connections.py", line 711, in connect
    raise exc
pymysql.err.OperationalError: (2003, "Can't connect to MySQL server on 'ysjumpserver.abctougu.com' (timed out)")
[2025-07-04 09:45:47,169] [log.py] [line:31] [INFO] # ======Start printing logs======
[2025-07-04 09:45:57,191] [database.py] [line:343] [ERROR] # 数据库操作时发生错误: (2003, "Can't connect to MySQL server on 'ysjumpserver.abctougu.com' (timed out)")
[2025-07-04 09:45:57,192] [database.py] [line:344] [ERROR] # Error occurred: (2003, "Can't connect to MySQL server on 'ysjumpserver.abctougu.com' (timed out)")
Traceback (most recent call last):
  File "D:\WorkSpaces\CRM\venv\lib\site-packages\pymysql\connections.py", line 644, in connect
    sock = socket.create_connection(
  File "C:\Users\admin\AppData\Local\Programs\Python\Python38\lib\socket.py", line 808, in create_connection
    raise err
  File "C:\Users\admin\AppData\Local\Programs\Python\Python38\lib\socket.py", line 796, in create_connection
    sock.connect(sa)
socket.timeout: timed out

During handling of the above exception, another exception occurred:

Traceback (most recent call last):
  File "D:\WorkSpaces\CRM\db\database.py", line 38, in database
    db = pymysql.connect(host=config_data['mysql']['host'], port=config_data['mysql']['port'], user=config_data['mysql']['user_sim'],
  File "D:\WorkSpaces\CRM\venv\lib\site-packages\pymysql\connections.py", line 358, in __init__
    self.connect()
  File "D:\WorkSpaces\CRM\venv\lib\site-packages\pymysql\connections.py", line 711, in connect
    raise exc
pymysql.err.OperationalError: (2003, "Can't connect to MySQL server on 'ysjumpserver.abctougu.com' (timed out)")
[2025-07-04 09:47:01,471] [log.py] [line:31] [INFO] # ======Start printing logs======
[2025-07-04 09:47:11,489] [database.py] [line:343] [ERROR] # 数据库操作时发生错误: (2003, "Can't connect to MySQL server on 'ysjumpserver.abctougu.com' (timed out)")
[2025-07-04 09:47:11,490] [database.py] [line:344] [ERROR] # Error occurred: (2003, "Can't connect to MySQL server on 'ysjumpserver.abctougu.com' (timed out)")
Traceback (most recent call last):
  File "D:\WorkSpaces\CRM\venv\lib\site-packages\pymysql\connections.py", line 644, in connect
    sock = socket.create_connection(
  File "C:\Users\admin\AppData\Local\Programs\Python\Python38\lib\socket.py", line 808, in create_connection
    raise err
  File "C:\Users\admin\AppData\Local\Programs\Python\Python38\lib\socket.py", line 796, in create_connection
    sock.connect(sa)
socket.timeout: timed out

During handling of the above exception, another exception occurred:

Traceback (most recent call last):
  File "D:\WorkSpaces\CRM\db\database.py", line 38, in database
    db = pymysql.connect(host=config_data['mysql']['host'], port=config_data['mysql']['port'], user=config_data['mysql']['user_sim'],
  File "D:\WorkSpaces\CRM\venv\lib\site-packages\pymysql\connections.py", line 358, in __init__
    self.connect()
  File "D:\WorkSpaces\CRM\venv\lib\site-packages\pymysql\connections.py", line 711, in connect
    raise exc
pymysql.err.OperationalError: (2003, "Can't connect to MySQL server on 'ysjumpserver.abctougu.com' (timed out)")
[2025-07-04 09:49:44,002] [log.py] [line:31] [INFO] # ======Start printing logs======
[2025-07-04 09:49:49,367] [database.py] [line:80] [INFO] # 退款订单id列表：['20250704093401504963']
[2025-07-04 09:49:49,368] [database.py] [line:85] [INFO] # 
退款订单号：20250704093401504963
[2025-07-04 09:49:49,386] [database.py] [line:97] [INFO] # 退款订单unionid：o1ELc6LrAZOqCjYiOZur5A-sVzYc，kill_order：
[2025-07-04 09:49:49,415] [database.py] [line:107] [INFO] # v2_work_crm_order_main 数据列表：
((49397, '20250704093401504963', 10100, 1, 1, 0, 0, None, '', 'o1ELc6LrAZOqCjYiOZur5A-sVzYc', '赵楠', 'H4qNWOvOwe$$$$A$$$$rqaPhQyIw==', None, None, 1, 0, None, None, None, None, 0, datetime.datetime(2025, 7, 4, 9, 34, 1), datetime.datetime(2025, 7, 4, 9, 34, 1)),)

[2025-07-04 09:49:49,433] [database.py] [line:114] [INFO] # v2_work_crm_order_main_son 数据列表：
()

[2025-07-04 09:49:49,463] [database.py] [line:121] [INFO] # v2_work_crm_order_main_status 数据列表：
((49556, '20250704093401504963', 1, 1, 2, 0, None, 3, 0, 888996, 888996, 'wwec9bda2817108582', '百灵智投', 'LiYongLei', 'LiYongLei', 1, 1, 0, '研选量投', 1, 'yxlt', '这是研选量投的描述', 1, 3, 0, '', '', 0, 0, 'o1ELc6LrAZOqCjYiOZur5A-sVzYc', 1, 1, None, 0, 0, '', '', 0, datetime.datetime(2025, 7, 4, 9, 34, 1), None, None, 0, '888996', None, None, None, '889009', None, None, None, '889003,889013,889017', None, None, None),)

[2025-07-04 09:49:49,481] [database.py] [line:127] [INFO] # v2_work_crm_hegui 数据列表：
((1100, '20250704093401504963', 'o1ELc6LrAZOqCjYiOZur5A-sVzYc', 0, 0, '', 0, 0, 0, None, None, 1, None, None, None, None, -1, 0, '', 0, datetime.datetime(2025, 7, 4, 9, 35, 1), datetime.datetime(2025, 7, 4, 9, 35, 1)),)

[2025-07-04 09:49:49,500] [database.py] [line:133] [INFO] # v2_work_crm_order_contract 数据列表：
((44386, '20250704093401504963', 'a98173589e124641a6a766eac2e4fb27', '574bf0c7b9e747dbabba4b101e656086', 'd28a3fcb2e7c461cb483222be426f433', 1, '产品服务协议-测试', None, '5VFbtjRSP9c7CZnanI3IRNPGIqL3XO9ADgf2Ad7asTUreGnYBhwAggvL@@@@dGc8qIDjkDf3HdhFtNHLDZ0DO71N4iX5zGgkwrq@@@@GGObaiILDtSta2KtYZ95v7Vo377h@@@@SbjXtbShg4YIvwCK89bG0Nm4Vd3q8@@@@vR7OfwPRCFihxL5cfT3Y$$$$f6qbf3b7zxZ4zVrCoqHLOxxOSlPyxzgsv0DpxMQjc4bFhl7Y5j04oP3ose6JwL0oEIe30rs30XqsDuOu$$$$jp9qUoNkr$$$$cDbZy6rjhDBeEUYw@@@@d6Jl4v0cx0ZuPG9KV4l@@@@lRkCuWW05KtMdxcOaE4MZrcqz8I9q0MnXw8VC1k2cAAkcJKWI86A9KPfZ9msaoA7Ceh3BzaWSLIVUanShbca17j2JCYcJ99GRnNuYBs$$$$8qYrWAURXQCK0OMBssDD0OXVVLNOWhQw@@@@FyN8BC@@@@h0QyHlN7SvucvkyRf@@@@tQwS78@@@@$$$$j1bD7gI@@@@3fETchB0pFq7C2liQKAVnDJk5T67uRoyf7jQ9@@@@aIXt4OdZQl9@@@@rWgfdBVs6@@@@5W@@@@UBdYDRZjqGal7Ai4jZ13xHhzq9309Ay7rea9PIutPrM1Ej1G@@@@wexWaXodV85nQwtD01bweRH5rPzxQAg$$$$Ahw==', None, '2025-07-04 09:34:56', 'YSTG10A25070400003', None, None, 0, '', datetime.datetime(2025, 7, 4, 9, 35, 1), datetime.datetime(2025, 7, 4, 9, 35, 1)),)

[2025-07-04 09:49:49,518] [database.py] [line:144] [INFO] # 风险测评id：41548
[2025-07-04 09:49:49,870] [database.py] [line:241] [INFO] # app `stock-rubik-cube`.contract_new数据列表：
((219571, '20250704093401504963', 3338203510512787459, 'YSTG10A25070400003', 0, 'service', 0, datetime.date(2025, 7, 4), '574bf0c7b9e747dbabba4b101e656086', 'a98173589e124641a6a766eac2e4fb27', 'AAAAAAq8uroAAAAAAAgq2snoH2cHonsunq+eOJxzX0meA9di8NgfWE/Kljd9K7+pViFZFAYQzanKg+5k72Xzu2eyG8TfgQiKHPuVN0Wp2ggpwiTD6d+L9ZuyEPM0xLfsgrf4LfoH7nLtvXJe82S8An64WA/4tnnpWMY3Slpgm9lqjC9InjuggGQFxSB/bRBl+xHY+lgIE1//lfyjA3sxbyoWLlUBlaeSZWsazIIoFxhqQm+2OZbincyvcmZwG3gfK1UwDQqy4wJgx95OpNvZJea32qHJhucM6EPzQWWFk8XMfh+RiztSewXfVzuBvb3XECoVyDqlDXv32ZeywC5juzybamX9EKMPvsnR5N9WFB83co+6RH+bWAV3i2u+2TVttw+W6sZ6i8ILlDfNw5mKf5xNFHXspwVcrFlyvw4Gyyxns9IM5IYKa4Ap4Hw+IxLr5zS06y7y8SrGxEz6rREno+p+VgLahAIhicELetX82Ei38dDGywrSI2/3ujeiLf4pZyWpcnu6dR398v+XDcPrHMC90JvNTPZbLFb34djaIMwX223ijaCttyjnuU+GJPcSyLEFi937l8fd42HzlzZAioQP/ePXqCeNK7iQC0CDfSmYY/We8zoGFkXuncyvPC9vnAx07Z6qpzzaNj9HzC4oDZHlDQ==', '', datetime.datetime(2025, 7, 4, 9, 34, 56), datetime.datetime(2025, 7, 4, 9, 34, 5), datetime.datetime(2025, 7, 4, 9, 35), 0, '', 2, ''),)

[2025-07-04 09:49:49,870] [database.py] [line:245] [INFO] # app `stock-rubik-cube`.contract_new数据：
(219571, '20250704093401504963', 3338203510512787459, 'YSTG10A25070400003', 0, 'service', 0, datetime.date(2025, 7, 4), '574bf0c7b9e747dbabba4b101e656086', 'a98173589e124641a6a766eac2e4fb27', 'AAAAAAq8uroAAAAAAAgq2snoH2cHonsunq+eOJxzX0meA9di8NgfWE/Kljd9K7+pViFZFAYQzanKg+5k72Xzu2eyG8TfgQiKHPuVN0Wp2ggpwiTD6d+L9ZuyEPM0xLfsgrf4LfoH7nLtvXJe82S8An64WA/4tnnpWMY3Slpgm9lqjC9InjuggGQFxSB/bRBl+xHY+lgIE1//lfyjA3sxbyoWLlUBlaeSZWsazIIoFxhqQm+2OZbincyvcmZwG3gfK1UwDQqy4wJgx95OpNvZJea32qHJhucM6EPzQWWFk8XMfh+RiztSewXfVzuBvb3XECoVyDqlDXv32ZeywC5juzybamX9EKMPvsnR5N9WFB83co+6RH+bWAV3i2u+2TVttw+W6sZ6i8ILlDfNw5mKf5xNFHXspwVcrFlyvw4Gyyxns9IM5IYKa4Ap4Hw+IxLr5zS06y7y8SrGxEz6rREno+p+VgLahAIhicELetX82Ei38dDGywrSI2/3ujeiLf4pZyWpcnu6dR398v+XDcPrHMC90JvNTPZbLFb34djaIMwX223ijaCttyjnuU+GJPcSyLEFi937l8fd42HzlzZAioQP/ePXqCeNK7iQC0CDfSmYY/We8zoGFkXuncyvPC9vnAx07Z6qpzzaNj9HzC4oDZHlDQ==', '', datetime.datetime(2025, 7, 4, 9, 34, 56), datetime.datetime(2025, 7, 4, 9, 34, 5), datetime.datetime(2025, 7, 4, 9, 35), 0, '', 2, '')

[2025-07-04 09:49:49,883] [database.py] [line:252] [INFO] # app `stock-rubik-cube`.`order`数据列表：
((3338203510512787459,),)

[2025-07-04 09:49:49,884] [database.py] [line:259] [INFO] # app用户id：3338203510512787459

[2025-07-04 09:49:50,160] [database.py] [line:287] [INFO] # app `stock-rubik-cube`.user_order_product数据列表：
()

[2025-07-04 09:49:50,216] [database.py] [line:308] [INFO] # o1ELc6LrAZOqCjYiOZur5A-sVzYc用户到期时间：None
[2025-07-04 09:58:56,467] [log.py] [line:31] [INFO] # ======Start printing logs======
[2025-07-04 09:58:59,750] [database.py] [line:80] [INFO] # 退款订单id列表：['20250704094959611596']
[2025-07-04 09:58:59,750] [database.py] [line:85] [INFO] # 
退款订单号：20250704094959611596
[2025-07-04 09:58:59,768] [database.py] [line:97] [INFO] # 退款订单unionid：o1ELc6LrAZOqCjYiOZur5A-sVzYc，kill_order：
[2025-07-04 09:58:59,798] [database.py] [line:107] [INFO] # v2_work_crm_order_main 数据列表：
((49399, '20250704094959611596', 10100, 1, 1, 1, 1, '1751593820', '4200002753202507048831519707', 'o1ELc6LrAZOqCjYiOZur5A-sVzYc', '赵楠', 'H4qNWOvOwe$$$$A$$$$rqaPhQyIw==', datetime.datetime(2025, 7, 4, 9, 51, 25), datetime.datetime(2025, 7, 5, 9, 51, 25), 1, 0, datetime.datetime(2025, 7, 5, 9, 51, 25), None, None, None, 0, datetime.datetime(2025, 7, 4, 9, 49, 59), datetime.datetime(2025, 7, 4, 9, 49, 59)),)

[2025-07-04 09:58:59,817] [database.py] [line:114] [INFO] # v2_work_crm_order_main_son 数据列表：
((14979, '20250704094959611596', 'SOD20250704095014795821', 1, 1, 1, '1751593820', '4200002753202507048831519707', None, '50302703862025070480667003725', '20250704095811509142', datetime.datetime(2025, 7, 4, 9, 58, 12), None, None, None, None, None, None, None, None, datetime.datetime(2025, 7, 4, 9, 50, 14)),)

[2025-07-04 09:58:59,847] [database.py] [line:121] [INFO] # v2_work_crm_order_main_status 数据列表：
((49558, '20250704094959611596', 1, 1, 2, 4, datetime.datetime(2025, 7, 4, 9, 58, 11), 1, 0, 888996, 888996, 'wwec9bda2817108582', '百灵智投', 'LiYongLei', 'LiYongLei', 1, 1, 1, '研选量投', 1, 'yxlt', '这是研选量投的描述', 1, 3, 0, '', '', 0, 0, 'o1ELc6LrAZOqCjYiOZur5A-sVzYc', 1, 1, '1751593820', 1, 0, '', '', 0, datetime.datetime(2025, 7, 4, 9, 49, 59), None, datetime.datetime(2025, 7, 4, 9, 51, 25), 0, '888996', None, None, None, '889009', None, None, None, '889003,889013,889017', None, None, None),)

[2025-07-04 09:58:59,866] [database.py] [line:127] [INFO] # v2_work_crm_hegui 数据列表：
((1101, '20250704094959611596', 'o1ELc6LrAZOqCjYiOZur5A-sVzYc', 4, 101371, '1', 0, 0, 2, None, None, 1, None, None, None, None, -1, 0, '', 0, datetime.datetime(2025, 7, 4, 9, 51, 21), datetime.datetime(2025, 7, 4, 9, 58, 11)),)

[2025-07-04 09:58:59,885] [database.py] [line:133] [INFO] # v2_work_crm_order_contract 数据列表：
((44387, '20250704094959611596', '88fa1cd441a14b569ee026b94d984d17', '39f7bd36ad664bd2bbff3bf4bc24d5b9', 'd28a3fcb2e7c461cb483222be426f433', 1, '产品服务协议', 'eeZRyEm7vbDA0Lxi1n6NDNDfMbS3FBKFV1I5u28WftFIskiH4SusbdejbsUQMFXYeTZ7DiuHw1pflItKtSq9e2Jgi20cU3u0lZVHCnkly3TKc@@@@lCM6kGFw==', '5VFbtjRSP9eHX@@@@3H$$$$LTFZHMFWXdll9IAoUrn7BPXz2yXtq3TplNQwvXJ@@@@yh5@@@@XRKsF5R58jYF0zSk4TgP44@@@@wnK04XvCAyDo7Rn6ux68ISiTrLsa7YUbZw==', datetime.datetime(2025, 7, 4, 9, 51, 25), '2025-07-04 09:51:09', 'YSTG10A25070400004', None, 'eqoh5xxl$$$$ZHJkZo7HfytjEyYA801VLRe$$$$pS78cSF3nsGRbaNikpsiSE1WU2duLjukCxhu6DZB852D2oIq8h6Tjgfi3ceE1Sy2e@@@@sTSt3yvsp87DyX6e9metVfGj2T0WoXDDix47TcowNW1Zd59ToaPXD3r69j7AYsP8qFtsHIDi5qVn14z3VgcAL$$$$tubvjpyWSjyKotZtA4L3dphwNqvHHk2ew4rh8NaX5SLSrUqvXtiYIttHFN7tJWVRwp5Jct0d@@@@NrlySjKXplUsGwiHEE2wvd2mHA2q8ceTZ7DiuHw1pflItKtSq9e2Jgi20cU3u0lZVHCnkly3RVciKiMhbRwQ==', 0, '', datetime.datetime(2025, 7, 4, 9, 51, 21), datetime.datetime(2025, 7, 4, 9, 51, 21)),)

[2025-07-04 09:58:59,903] [database.py] [line:144] [INFO] # 风险测评id：41549
[2025-07-04 09:58:59,939] [database.py] [line:157] [INFO] # 退款id：1235
[2025-07-04 09:58:59,957] [database.py] [line:157] [INFO] # 退款id：1237
[2025-07-04 09:59:00,288] [database.py] [line:241] [INFO] # app `stock-rubik-cube`.contract_new数据列表：
((219572, '20250704094959611596', 3338203510512787459, 'YSTG10A25070400004', 0, 'service', 0, datetime.date(2025, 7, 4), '39f7bd36ad664bd2bbff3bf4bc24d5b9', '88fa1cd441a14b569ee026b94d984d17', 'AAAAAAq8uroAAAAAAAgq2767XVWrHfkLX8FV7ejyHernWP3alTKe9qIJArVhzhjial4t3KL9ntRjCg0Y7fVsiXrY92Fna+yKMQ6yTUz30D3lEhNuibXFV4Z1luYb3qmkQWpOzlDUo5rQB1kfUtrFZH9kNw79BnlDQmkA3WQ1fqukZDa8mOIrHYtLJ3ai9s55iUgfZfJy9M1jbcwWzLEvfKyH+e5+77CZDpsz8ZVGDTtFFkRa+W0ZZ+XbYL0dTKjPFwV8rJudcFLoQ97G4IHDEFk+UKMQKWYIsgSnkwDtAUIJXyTgW9VJrQDgf9zjqdEJXv6HYQY43DZnyAlNG+MX/0jP8/LLwnrnaSYiy3TmZLA6bMfdcc7BkslaX/VDTCjDc2nr6VD0fMIiXtxtqGVucqrqYzJaTS93qNq4NN/ztU/uDZwe1y4kyzMKvKODgDbzoPjeeR7Of63+wzHbm8mLDvb7cMAkowsdqI2lRHmoikXeaRK3HP5eFRP8stIYzh3Er+Macw5jIHiC1Sqc6JkQE7DW4Y2B1kEiWZqCboE1fhctmYupMOP4rBgEP9j++ZgiwASmZLFoIwwpaWwkeEWz9aOccWLj8u4In0yKwqjEqXJ1LJUgMIjGRrHT139J9J3xSGBcT3zCX2AAAUzPSw154Pc+/mRV', 'AAAAAAq8uroAAAAAAAgq3aJTSnDcYTK8nGJCiwCZTU8GdyTB2pRFG8Q9yHQqFqvnyzEK1pBiW9XNFDYqo3OE5vvD2MisPgybgeGAd4bsAtHfid/gmfV0C2CVtiMGEZw8ORWJg5xKrbIVB3oiP8bR6efn0hM=', datetime.datetime(2025, 7, 4, 9, 51, 9), datetime.datetime(2025, 7, 4, 9, 50, 25), datetime.datetime(2025, 7, 4, 9, 51, 26), 0, '', 2, ''),)

[2025-07-04 09:59:00,288] [database.py] [line:245] [INFO] # app `stock-rubik-cube`.contract_new数据：
(219572, '20250704094959611596', 3338203510512787459, 'YSTG10A25070400004', 0, 'service', 0, datetime.date(2025, 7, 4), '39f7bd36ad664bd2bbff3bf4bc24d5b9', '88fa1cd441a14b569ee026b94d984d17', 'AAAAAAq8uroAAAAAAAgq2767XVWrHfkLX8FV7ejyHernWP3alTKe9qIJArVhzhjial4t3KL9ntRjCg0Y7fVsiXrY92Fna+yKMQ6yTUz30D3lEhNuibXFV4Z1luYb3qmkQWpOzlDUo5rQB1kfUtrFZH9kNw79BnlDQmkA3WQ1fqukZDa8mOIrHYtLJ3ai9s55iUgfZfJy9M1jbcwWzLEvfKyH+e5+77CZDpsz8ZVGDTtFFkRa+W0ZZ+XbYL0dTKjPFwV8rJudcFLoQ97G4IHDEFk+UKMQKWYIsgSnkwDtAUIJXyTgW9VJrQDgf9zjqdEJXv6HYQY43DZnyAlNG+MX/0jP8/LLwnrnaSYiy3TmZLA6bMfdcc7BkslaX/VDTCjDc2nr6VD0fMIiXtxtqGVucqrqYzJaTS93qNq4NN/ztU/uDZwe1y4kyzMKvKODgDbzoPjeeR7Of63+wzHbm8mLDvb7cMAkowsdqI2lRHmoikXeaRK3HP5eFRP8stIYzh3Er+Macw5jIHiC1Sqc6JkQE7DW4Y2B1kEiWZqCboE1fhctmYupMOP4rBgEP9j++ZgiwASmZLFoIwwpaWwkeEWz9aOccWLj8u4In0yKwqjEqXJ1LJUgMIjGRrHT139J9J3xSGBcT3zCX2AAAUzPSw154Pc+/mRV', 'AAAAAAq8uroAAAAAAAgq3aJTSnDcYTK8nGJCiwCZTU8GdyTB2pRFG8Q9yHQqFqvnyzEK1pBiW9XNFDYqo3OE5vvD2MisPgybgeGAd4bsAtHfid/gmfV0C2CVtiMGEZw8ORWJg5xKrbIVB3oiP8bR6efn0hM=', datetime.datetime(2025, 7, 4, 9, 51, 9), datetime.datetime(2025, 7, 4, 9, 50, 25), datetime.datetime(2025, 7, 4, 9, 51, 26), 0, '', 2, '')

[2025-07-04 09:59:00,302] [database.py] [line:252] [INFO] # app `stock-rubik-cube`.`order`数据列表：
((3338203510512787459,),)

[2025-07-04 09:59:00,302] [database.py] [line:259] [INFO] # app用户id：3338203510512787459

[2025-07-04 09:59:00,511] [database.py] [line:287] [INFO] # app `stock-rubik-cube`.user_order_product数据列表：
((57424, 3338203510512787459, '20250704094959611596', '3', datetime.datetime(2025, 7, 4, 0, 0), datetime.datetime(2025, 7, 5, 23, 59, 59), 0, datetime.datetime(2025, 7, 4, 9, 52, 26), datetime.datetime(2025, 7, 4, 9, 52, 26)),)

[2025-07-04 09:59:00,570] [database.py] [line:308] [INFO] # o1ELc6LrAZOqCjYiOZur5A-sVzYc用户到期时间：None
